makefile:61: warning: overriding commands for target `.f.o'
../../../configure.upp:124: warning: ignoring old commands for target `.f.o'
gfortran -fconvert=big-endian -fno-second-underscore -frecord-marker=4 -DCOMMCODE -DLINUX -DUPPLITTLEENDIAN  -fno-range-check -O3 -c  -I/d1/tricia/unipost/sandbox/include errexit.f
gfortran -fconvert=big-endian -fno-second-underscore -frecord-marker=4 -DCOMMCODE -DLINUX -DUPPLITTLEENDIAN  -fno-range-check -O3 -c  -I/d1/tricia/unipost/sandbox/include errmsg.f
gfortran -fconvert=big-endian -fno-second-underscore -frecord-marker=4 -DCOMMCODE -DLINUX -DUPPLITTLEENDIAN  -fno-range-check -O3 -c  -I/d1/tricia/unipost/sandbox/include fparsei.f
gfortran -fconvert=big-endian -fno-second-underscore -frecord-marker=4 -DCOMMCODE -DLINUX -DUPPLITTLEENDIAN  -fno-range-check -O3 -c  -I/d1/tricia/unipost/sandbox/include fparser.f
gfortran -fconvert=big-endian -fno-second-underscore -frecord-marker=4 -DCOMMCODE -DLINUX -DUPPLITTLEENDIAN  -fno-range-check -O3 -c  -I/d1/tricia/unipost/sandbox/include getbit.f
gfortran -fconvert=big-endian -fno-second-underscore -frecord-marker=4 -DCOMMCODE -DLINUX -DUPPLITTLEENDIAN  -fno-range-check -O3 -c  -I/d1/tricia/unipost/sandbox/include getgb.f
gfortran -fconvert=big-endian -fno-second-underscore -frecord-marker=4 -DCOMMCODE -DLINUX -DUPPLITTLEENDIAN  -fno-range-check -O3 -c  -I/d1/tricia/unipost/sandbox/include getgb1r.f
gfortran -fconvert=big-endian -fno-second-underscore -frecord-marker=4 -DCOMMCODE -DLINUX -DUPPLITTLEENDIAN  -fno-range-check -O3 -c  -I/d1/tricia/unipost/sandbox/include getgb1re.f
gfortran -fconvert=big-endian -fno-second-underscore -frecord-marker=4 -DCOMMCODE -DLINUX -DUPPLITTLEENDIAN  -fno-range-check -O3 -c  -I/d1/tricia/unipost/sandbox/include getgb1s.f
gfortran -fconvert=big-endian -fno-second-underscore -frecord-marker=4 -DCOMMCODE -DLINUX -DUPPLITTLEENDIAN  -fno-range-check -O3 -c  -I/d1/tricia/unipost/sandbox/include getgbe.f
gfortran -fconvert=big-endian -fno-second-underscore -frecord-marker=4 -DCOMMCODE -DLINUX -DUPPLITTLEENDIAN  -fno-range-check -O3 -c  -I/d1/tricia/unipost/sandbox/include getgbeh.f
gfortran -fconvert=big-endian -fno-second-underscore -frecord-marker=4 -DCOMMCODE -DLINUX -DUPPLITTLEENDIAN  -fno-range-check -O3 -c  -I/d1/tricia/unipost/sandbox/include getgbem.f
gfortran -fconvert=big-endian -fno-second-underscore -frecord-marker=4 -DCOMMCODE -DLINUX -DUPPLITTLEENDIAN  -fno-range-check -O3 -c  -I/d1/tricia/unipost/sandbox/include getgbemh.f
gfortran -fconvert=big-endian -fno-second-underscore -frecord-marker=4 -DCOMMCODE -DLINUX -DUPPLITTLEENDIAN  -fno-range-check -O3 -c  -I/d1/tricia/unipost/sandbox/include getgbemp.f
gfortran -fconvert=big-endian -fno-second-underscore -frecord-marker=4 -DCOMMCODE -DLINUX -DUPPLITTLEENDIAN  -fno-range-check -O3 -c  -I/d1/tricia/unipost/sandbox/include getgbep.f
gfortran -fconvert=big-endian -fno-second-underscore -frecord-marker=4 -DCOMMCODE -DLINUX -DUPPLITTLEENDIAN  -fno-range-check -O3 -c  -I/d1/tricia/unipost/sandbox/include getgbex.f
gfortran -fconvert=big-endian -fno-second-underscore -frecord-marker=4 -DCOMMCODE -DLINUX -DUPPLITTLEENDIAN  -fno-range-check -O3 -c  -I/d1/tricia/unipost/sandbox/include getgbexm.f
gfortran -fconvert=big-endian -fno-second-underscore -frecord-marker=4 -DCOMMCODE -DLINUX -DUPPLITTLEENDIAN  -fno-range-check -O3 -c  -I/d1/tricia/unipost/sandbox/include getgbh.f
gfortran -fconvert=big-endian -fno-second-underscore -frecord-marker=4 -DCOMMCODE -DLINUX -DUPPLITTLEENDIAN  -fno-range-check -O3 -c  -I/d1/tricia/unipost/sandbox/include getgbm.f
gfortran -fconvert=big-endian -fno-second-underscore -frecord-marker=4 -DCOMMCODE -DLINUX -DUPPLITTLEENDIAN  -fno-range-check -O3 -c  -I/d1/tricia/unipost/sandbox/include getgbmh.f
gfortran -fconvert=big-endian -fno-second-underscore -frecord-marker=4 -DCOMMCODE -DLINUX -DUPPLITTLEENDIAN  -fno-range-check -O3 -c  -I/d1/tricia/unipost/sandbox/include getgbmp.f
gfortran -fconvert=big-endian -fno-second-underscore -frecord-marker=4 -DCOMMCODE -DLINUX -DUPPLITTLEENDIAN  -fno-range-check -O3 -c  -I/d1/tricia/unipost/sandbox/include getgbp.f
gfortran -fconvert=big-endian -fno-second-underscore -frecord-marker=4 -DCOMMCODE -DLINUX -DUPPLITTLEENDIAN  -fno-range-check -O3 -c  -I/d1/tricia/unipost/sandbox/include getgi.f
gfortran -fconvert=big-endian -fno-second-underscore -frecord-marker=4 -DCOMMCODE -DLINUX -DUPPLITTLEENDIAN  -fno-range-check -O3 -c  -I/d1/tricia/unipost/sandbox/include getgir.f
gfortran -fconvert=big-endian -fno-second-underscore -frecord-marker=4 -DCOMMCODE -DLINUX -DUPPLITTLEENDIAN  -fno-range-check -O3 -c  -I/d1/tricia/unipost/sandbox/include idsdef.f
gfortran -fconvert=big-endian -fno-second-underscore -frecord-marker=4 -DCOMMCODE -DLINUX -DUPPLITTLEENDIAN  -fno-range-check -O3 -c  -I/d1/tricia/unipost/sandbox/include instrument.f
gfortran -fconvert=big-endian -fno-second-underscore -frecord-marker=4 -DCOMMCODE -DLINUX -DUPPLITTLEENDIAN  -fno-range-check -O3 -c  -I/d1/tricia/unipost/sandbox/include iw3jdn.f
gfortran -fconvert=big-endian -fno-second-underscore -frecord-marker=4 -DCOMMCODE -DLINUX -DUPPLITTLEENDIAN  -fno-range-check -O3 -c  -I/d1/tricia/unipost/sandbox/include ixgb.f
gfortran -fconvert=big-endian -fno-second-underscore -frecord-marker=4 -DCOMMCODE -DLINUX -DUPPLITTLEENDIAN  -fno-range-check -O3 -c  -I/d1/tricia/unipost/sandbox/include lengds.f
gfortran -fconvert=big-endian -fno-second-underscore -frecord-marker=4 -DCOMMCODE -DLINUX -DUPPLITTLEENDIAN  -fno-range-check -O3 -c  -I/d1/tricia/unipost/sandbox/include pdsens.f
gfortran -fconvert=big-endian -fno-second-underscore -frecord-marker=4 -DCOMMCODE -DLINUX -DUPPLITTLEENDIAN  -fno-range-check -O3 -c  -I/d1/tricia/unipost/sandbox/include pdseup.f
gfortran -fconvert=big-endian -fno-second-underscore -frecord-marker=4 -DCOMMCODE -DLINUX -DUPPLITTLEENDIAN  -fno-range-check -O3 -c  -I/d1/tricia/unipost/sandbox/include putgb.f
gfortran -fconvert=big-endian -fno-second-underscore -frecord-marker=4 -DCOMMCODE -DLINUX -DUPPLITTLEENDIAN  -fno-range-check -O3 -c  -I/d1/tricia/unipost/sandbox/include putgbe.f
gfortran -fconvert=big-endian -fno-second-underscore -frecord-marker=4 -DCOMMCODE -DLINUX -DUPPLITTLEENDIAN  -fno-range-check -O3 -c  -I/d1/tricia/unipost/sandbox/include putgben.f
gfortran -fconvert=big-endian -fno-second-underscore -frecord-marker=4 -DCOMMCODE -DLINUX -DUPPLITTLEENDIAN  -fno-range-check -O3 -c  -I/d1/tricia/unipost/sandbox/include putgbex.f
gfortran -fconvert=big-endian -fno-second-underscore -frecord-marker=4 -DCOMMCODE -DLINUX -DUPPLITTLEENDIAN  -fno-range-check -O3 -c  -I/d1/tricia/unipost/sandbox/include putgbn.f
gfortran -fconvert=big-endian -fno-second-underscore -frecord-marker=4 -DCOMMCODE -DLINUX -DUPPLITTLEENDIAN  -fno-range-check -O3 -c  -I/d1/tricia/unipost/sandbox/include r63w72.f
gfortran -fconvert=big-endian -fno-second-underscore -frecord-marker=4 -DCOMMCODE -DLINUX -DUPPLITTLEENDIAN  -fno-range-check -O3 -c  -I/d1/tricia/unipost/sandbox/include skgb.f
gfortran -fconvert=big-endian -fno-second-underscore -frecord-marker=4 -DCOMMCODE -DLINUX -DUPPLITTLEENDIAN  -fno-range-check -O3 -c  -I/d1/tricia/unipost/sandbox/include w3difdat.f
gfortran -fconvert=big-endian -fno-second-underscore -frecord-marker=4 -DCOMMCODE -DLINUX -DUPPLITTLEENDIAN  -fno-range-check -O3 -c  -I/d1/tricia/unipost/sandbox/include w3doxdat.f
gfortran -fconvert=big-endian -fno-second-underscore -frecord-marker=4 -DCOMMCODE -DLINUX -DUPPLITTLEENDIAN  -fno-range-check -O3 -c  -I/d1/tricia/unipost/sandbox/include w3fi01.f
gfortran -fconvert=big-endian -fno-second-underscore -frecord-marker=4 -DCOMMCODE -DLINUX -DUPPLITTLEENDIAN  -fno-range-check -O3 -c  -I/d1/tricia/unipost/sandbox/include w3fi58.f
gfortran -fconvert=big-endian -fno-second-underscore -frecord-marker=4 -DCOMMCODE -DLINUX -DUPPLITTLEENDIAN  -fno-range-check -O3 -c  -I/d1/tricia/unipost/sandbox/include w3fi59.f
gfortran -fconvert=big-endian -fno-second-underscore -frecord-marker=4 -DCOMMCODE -DLINUX -DUPPLITTLEENDIAN  -fno-range-check -O3 -c  -I/d1/tricia/unipost/sandbox/include w3fi63.f
gfortran -fconvert=big-endian -fno-second-underscore -frecord-marker=4 -DCOMMCODE -DLINUX -DUPPLITTLEENDIAN  -fno-range-check -O3 -c  -I/d1/tricia/unipost/sandbox/include w3fi68.f
gfortran -fconvert=big-endian -fno-second-underscore -frecord-marker=4 -DCOMMCODE -DLINUX -DUPPLITTLEENDIAN  -fno-range-check -O3 -c  -I/d1/tricia/unipost/sandbox/include w3fi71.f
gfortran -fconvert=big-endian -fno-second-underscore -frecord-marker=4 -DCOMMCODE -DLINUX -DUPPLITTLEENDIAN  -fno-range-check -O3 -c  -I/d1/tricia/unipost/sandbox/include w3fi72.f
gfortran -fconvert=big-endian -fno-second-underscore -frecord-marker=4 -DCOMMCODE -DLINUX -DUPPLITTLEENDIAN  -fno-range-check -O3 -c  -I/d1/tricia/unipost/sandbox/include w3fi73.f
gfortran -fconvert=big-endian -fno-second-underscore -frecord-marker=4 -DCOMMCODE -DLINUX -DUPPLITTLEENDIAN  -fno-range-check -O3 -c  -I/d1/tricia/unipost/sandbox/include w3fi74.f
gfortran -fconvert=big-endian -fno-second-underscore -frecord-marker=4 -DCOMMCODE -DLINUX -DUPPLITTLEENDIAN  -fno-range-check -O3 -c  -I/d1/tricia/unipost/sandbox/include w3fi75.f
gfortran -fconvert=big-endian -fno-second-underscore -frecord-marker=4 -DCOMMCODE -DLINUX -DUPPLITTLEENDIAN  -fno-range-check -O3 -c  -I/d1/tricia/unipost/sandbox/include w3fi76.f
gfortran -fconvert=big-endian -fno-second-underscore -frecord-marker=4 -DCOMMCODE -DLINUX -DUPPLITTLEENDIAN  -fno-range-check -O3 -c  -I/d1/tricia/unipost/sandbox/include w3fi82.f
gfortran -fconvert=big-endian -fno-second-underscore -frecord-marker=4 -DCOMMCODE -DLINUX -DUPPLITTLEENDIAN  -fno-range-check -O3 -c  -I/d1/tricia/unipost/sandbox/include w3fi83.f
gfortran -fconvert=big-endian -fno-second-underscore -frecord-marker=4 -DCOMMCODE -DLINUX -DUPPLITTLEENDIAN  -fno-range-check -O3 -c  -I/d1/tricia/unipost/sandbox/include w3fs21.f
gfortran -fconvert=big-endian -fno-second-underscore -frecord-marker=4 -DCOMMCODE -DLINUX -DUPPLITTLEENDIAN  -fno-range-check -O3 -c  -I/d1/tricia/unipost/sandbox/include w3fs26.f
gfortran -fconvert=big-endian -fno-second-underscore -frecord-marker=4 -DCOMMCODE -DLINUX -DUPPLITTLEENDIAN  -fno-range-check -O3 -c  -I/d1/tricia/unipost/sandbox/include w3locdat.f
gfortran -fconvert=big-endian -fno-second-underscore -frecord-marker=4 -DCOMMCODE -DLINUX -DUPPLITTLEENDIAN  -fno-range-check -O3 -c  -I/d1/tricia/unipost/sandbox/include w3movdat.f
gfortran -fconvert=big-endian -fno-second-underscore -frecord-marker=4 -DCOMMCODE -DLINUX -DUPPLITTLEENDIAN  -fno-range-check -O3 -c  -I/d1/tricia/unipost/sandbox/include w3reddat.f
gfortran -fconvert=big-endian -fno-second-underscore -frecord-marker=4 -DCOMMCODE -DLINUX -DUPPLITTLEENDIAN  -fno-range-check -O3 -c  -I/d1/tricia/unipost/sandbox/include w3tagb.f
gfortran -fconvert=big-endian -fno-second-underscore -frecord-marker=4 -DCOMMCODE -DLINUX -DUPPLITTLEENDIAN  -fno-range-check -O3 -c  -I/d1/tricia/unipost/sandbox/include w3utcdat.f
gfortran -fconvert=big-endian -fno-second-underscore -frecord-marker=4 -DCOMMCODE -DLINUX -DUPPLITTLEENDIAN  -fno-range-check -O3 -c  -I/d1/tricia/unipost/sandbox/include w3valdat.f
ar ru  libw3.a errexit.o errmsg.o fparsei.o fparser.o getbit.o getgb.o getgb1r.o getgb1re.o getgb1s.o getgbe.o getgbeh.o getgbem.o getgbemh.o getgbemp.o getgbep.o getgbex.o getgbexm.o getgbh.o getgbm.o getgbmh.o getgbmp.o getgbp.o getgi.o getgir.o idsdef.o instrument.o iw3jdn.o ixgb.o lengds.o pdsens.o pdseup.o putgb.o putgbe.o putgben.o putgbex.o putgbn.o r63w72.o skgb.o w3difdat.o w3doxdat.o w3fi01.o w3fi58.o w3fi59.o w3fi63.o w3fi68.o w3fi71.o w3fi72.o w3fi73.o w3fi74.o w3fi75.o w3fi76.o w3fi82.o w3fi83.o w3fs21.o w3fs26.o w3locdat.o w3movdat.o w3reddat.o w3tagb.o w3utcdat.o w3valdat.o
ar: creating libw3.a
/bin/cp libw3.a /d1/tricia/unipost/sandbox/lib
