ls: cannot access *.c: No such file or directory
ifort -c  -O3 -g -module ../../incmod/w3emc_4 -I ../../incmod/sigio_4 -I ../../incmod/w3emc_4 args_mod.f
ar -ruv   ../../libw3emc_4.a args_mod.o
ar: creating ../../libw3emc_4.a
a - args_mod.o
rm -f args_mod.o
ifort -c  -O3 -g -module ../../incmod/w3emc_4 -I ../../incmod/sigio_4 -I ../../incmod/w3emc_4 gblevents.f
gblevents.f(2373): remark #8290: Recommended relationship between field width 'W' and the number of fractional digits 'D' in this edit descriptor is 'W>=D+3'.
     $ ' LEVELS ',I3,' SCALARS -------> ',F4.2,' X ',F4.2,' VERT. ',
-------------------------------------------^
gblevents.f(2373): remark #8290: Recommended relationship between field width 'W' and the number of fractional digits 'D' in this edit descriptor is 'W>=D+3'.
     $ ' LEVELS ',I3,' SCALARS -------> ',F4.2,' X ',F4.2,' VERT. ',
------------------------------------------------------^
ar -ruv   ../../libw3emc_4.a gblevents.o
a - gblevents.o
rm -f gblevents.o
ifort -c  -O3 -g -module ../../incmod/w3emc_4 -I ../../incmod/sigio_4 -I ../../incmod/w3emc_4 getgbens.f
ar -ruv   ../../libw3emc_4.a getgbens.o
a - getgbens.o
rm -f getgbens.o
ifort -c  -O3 -g -module ../../incmod/w3emc_4 -I ../../incmod/sigio_4 -I ../../incmod/w3emc_4 isrchne.f
ar -ruv   ../../libw3emc_4.a isrchne.o
a - isrchne.o
rm -f isrchne.o
ifort -c  -O3 -g -module ../../incmod/w3emc_4 -I ../../incmod/sigio_4 -I ../../incmod/w3emc_4 iw3mat.f
ar -ruv   ../../libw3emc_4.a iw3mat.o
a - iw3mat.o
rm -f iw3mat.o
ifort -c  -O3 -g -module ../../incmod/w3emc_4 -I ../../incmod/sigio_4 -I ../../incmod/w3emc_4 mersenne_twister.f
ar -ruv   ../../libw3emc_4.a mersenne_twister.o
a - mersenne_twister.o
rm -f mersenne_twister.o
ifort -c  -O3 -g -module ../../incmod/w3emc_4 -I ../../incmod/sigio_4 -I ../../incmod/w3emc_4 mova2i.f
ar -ruv   ../../libw3emc_4.a mova2i.o
a - mova2i.o
rm -f mova2i.o
ifort -c  -O3 -g -module ../../incmod/w3emc_4 -I ../../incmod/sigio_4 -I ../../incmod/w3emc_4 orders.f
ar -ruv   ../../libw3emc_4.a orders.o
a - orders.o
rm -f orders.o
ifort -c  -O3 -g -module ../../incmod/w3emc_4 -I ../../incmod/sigio_4 -I ../../incmod/w3emc_4 putgbens.f
ar -ruv   ../../libw3emc_4.a putgbens.o
a - putgbens.o
rm -f putgbens.o
ifort -c  -O3 -g -module ../../incmod/w3emc_4 -I ../../incmod/sigio_4 -I ../../incmod/w3emc_4 start.f
ar -ruv   ../../libw3emc_4.a start.o
a - start.o
rm -f start.o
ifort -c  -O3 -g -module ../../incmod/w3emc_4 -I ../../incmod/sigio_4 -I ../../incmod/w3emc_4 summary.f
ar -ruv   ../../libw3emc_4.a summary.o
a - summary.o
rm -f summary.o
ifort -c  -O3 -g -module ../../incmod/w3emc_4 -I ../../incmod/sigio_4 -I ../../incmod/w3emc_4 w3ai40.f
ar -ruv   ../../libw3emc_4.a w3ai40.o
a - w3ai40.o
rm -f w3ai40.o
ifort -c  -O3 -g -module ../../incmod/w3emc_4 -I ../../incmod/sigio_4 -I ../../incmod/w3emc_4 w3ai41.f
ar -ruv   ../../libw3emc_4.a w3ai41.o
a - w3ai41.o
rm -f w3ai41.o
ifort -c  -O3 -g -module ../../incmod/w3emc_4 -I ../../incmod/sigio_4 -I ../../incmod/w3emc_4 w3ctzdat.f
ar -ruv   ../../libw3emc_4.a w3ctzdat.o
a - w3ctzdat.o
rm -f w3ctzdat.o
ifort -c  -O3 -g -module ../../incmod/w3emc_4 -I ../../incmod/sigio_4 -I ../../incmod/w3emc_4 w3fa01.f
ar -ruv   ../../libw3emc_4.a w3fa01.o
a - w3fa01.o
rm -f w3fa01.o
ifort -c  -O3 -g -module ../../incmod/w3emc_4 -I ../../incmod/sigio_4 -I ../../incmod/w3emc_4 w3fa03.f
ar -ruv   ../../libw3emc_4.a w3fa03.o
a - w3fa03.o
rm -f w3fa03.o
ifort -c  -O3 -g -module ../../incmod/w3emc_4 -I ../../incmod/sigio_4 -I ../../incmod/w3emc_4 w3fa03v.f
ar -ruv   ../../libw3emc_4.a w3fa03v.o
a - w3fa03v.o
rm -f w3fa03v.o
ifort -c  -O3 -g -module ../../incmod/w3emc_4 -I ../../incmod/sigio_4 -I ../../incmod/w3emc_4 w3fa04.f
ar -ruv   ../../libw3emc_4.a w3fa04.o
a - w3fa04.o
rm -f w3fa04.o
ifort -c  -O3 -g -module ../../incmod/w3emc_4 -I ../../incmod/sigio_4 -I ../../incmod/w3emc_4 w3fa06.f
ar -ruv   ../../libw3emc_4.a w3fa06.o
a - w3fa06.o
rm -f w3fa06.o
ifort -c  -O3 -g -module ../../incmod/w3emc_4 -I ../../incmod/sigio_4 -I ../../incmod/w3emc_4 w3fa09.f
ar -ruv   ../../libw3emc_4.a w3fa09.o
a - w3fa09.o
rm -f w3fa09.o
ifort -c  -O3 -g -module ../../incmod/w3emc_4 -I ../../incmod/sigio_4 -I ../../incmod/w3emc_4 w3fa11.f
ar -ruv   ../../libw3emc_4.a w3fa11.o
a - w3fa11.o
rm -f w3fa11.o
ifort -c  -O3 -g -module ../../incmod/w3emc_4 -I ../../incmod/sigio_4 -I ../../incmod/w3emc_4 w3fa12.f
ar -ruv   ../../libw3emc_4.a w3fa12.o
a - w3fa12.o
rm -f w3fa12.o
ifort -c  -O3 -g -module ../../incmod/w3emc_4 -I ../../incmod/sigio_4 -I ../../incmod/w3emc_4 w3fa13.f
ar -ruv   ../../libw3emc_4.a w3fa13.o
a - w3fa13.o
rm -f w3fa13.o
ifort -c  -O3 -g -module ../../incmod/w3emc_4 -I ../../incmod/sigio_4 -I ../../incmod/w3emc_4 w3fb00.f
ar -ruv   ../../libw3emc_4.a w3fb00.o
a - w3fb00.o
rm -f w3fb00.o
ifort -c  -O3 -g -module ../../incmod/w3emc_4 -I ../../incmod/sigio_4 -I ../../incmod/w3emc_4 w3fb01.f
ar -ruv   ../../libw3emc_4.a w3fb01.o
a - w3fb01.o
rm -f w3fb01.o
ifort -c  -O3 -g -module ../../incmod/w3emc_4 -I ../../incmod/sigio_4 -I ../../incmod/w3emc_4 w3fb02.f
ar -ruv   ../../libw3emc_4.a w3fb02.o
a - w3fb02.o
rm -f w3fb02.o
ifort -c  -O3 -g -module ../../incmod/w3emc_4 -I ../../incmod/sigio_4 -I ../../incmod/w3emc_4 w3fb03.f
ar -ruv   ../../libw3emc_4.a w3fb03.o
a - w3fb03.o
rm -f w3fb03.o
ifort -c  -O3 -g -module ../../incmod/w3emc_4 -I ../../incmod/sigio_4 -I ../../incmod/w3emc_4 w3fb04.f
ar -ruv   ../../libw3emc_4.a w3fb04.o
a - w3fb04.o
rm -f w3fb04.o
ifort -c  -O3 -g -module ../../incmod/w3emc_4 -I ../../incmod/sigio_4 -I ../../incmod/w3emc_4 w3fb05.f
ar -ruv   ../../libw3emc_4.a w3fb05.o
a - w3fb05.o
rm -f w3fb05.o
ifort -c  -O3 -g -module ../../incmod/w3emc_4 -I ../../incmod/sigio_4 -I ../../incmod/w3emc_4 w3fb06.f
ar -ruv   ../../libw3emc_4.a w3fb06.o
a - w3fb06.o
rm -f w3fb06.o
ifort -c  -O3 -g -module ../../incmod/w3emc_4 -I ../../incmod/sigio_4 -I ../../incmod/w3emc_4 w3fb07.f
ar -ruv   ../../libw3emc_4.a w3fb07.o
a - w3fb07.o
rm -f w3fb07.o
ifort -c  -O3 -g -module ../../incmod/w3emc_4 -I ../../incmod/sigio_4 -I ../../incmod/w3emc_4 w3fb08.f
ar -ruv   ../../libw3emc_4.a w3fb08.o
a - w3fb08.o
rm -f w3fb08.o
ifort -c  -O3 -g -module ../../incmod/w3emc_4 -I ../../incmod/sigio_4 -I ../../incmod/w3emc_4 w3fb09.f
ar -ruv   ../../libw3emc_4.a w3fb09.o
a - w3fb09.o
rm -f w3fb09.o
ifort -c  -O3 -g -module ../../incmod/w3emc_4 -I ../../incmod/sigio_4 -I ../../incmod/w3emc_4 w3fb10.f
ar -ruv   ../../libw3emc_4.a w3fb10.o
a - w3fb10.o
rm -f w3fb10.o
ifort -c  -O3 -g -module ../../incmod/w3emc_4 -I ../../incmod/sigio_4 -I ../../incmod/w3emc_4 w3fb11.f
ar -ruv   ../../libw3emc_4.a w3fb11.o
a - w3fb11.o
rm -f w3fb11.o
ifort -c  -O3 -g -module ../../incmod/w3emc_4 -I ../../incmod/sigio_4 -I ../../incmod/w3emc_4 w3fb12.f
ar -ruv   ../../libw3emc_4.a w3fb12.o
a - w3fb12.o
rm -f w3fb12.o
ifort -c  -O3 -g -module ../../incmod/w3emc_4 -I ../../incmod/sigio_4 -I ../../incmod/w3emc_4 w3fc02.f
ar -ruv   ../../libw3emc_4.a w3fc02.o
a - w3fc02.o
rm -f w3fc02.o
ifort -c  -O3 -g -module ../../incmod/w3emc_4 -I ../../incmod/sigio_4 -I ../../incmod/w3emc_4 w3fc05.f
ar -ruv   ../../libw3emc_4.a w3fc05.o
a - w3fc05.o
rm -f w3fc05.o
ifort -c  -O3 -g -module ../../incmod/w3emc_4 -I ../../incmod/sigio_4 -I ../../incmod/w3emc_4 w3fc06.f
ar -ruv   ../../libw3emc_4.a w3fc06.o
a - w3fc06.o
rm -f w3fc06.o
ifort -c  -O3 -g -module ../../incmod/w3emc_4 -I ../../incmod/sigio_4 -I ../../incmod/w3emc_4 w3fc07.f
ar -ruv   ../../libw3emc_4.a w3fc07.o
a - w3fc07.o
rm -f w3fc07.o
ifort -c  -O3 -g -module ../../incmod/w3emc_4 -I ../../incmod/sigio_4 -I ../../incmod/w3emc_4 w3fc08.f
ar -ruv   ../../libw3emc_4.a w3fc08.o
a - w3fc08.o
rm -f w3fc08.o
ifort -c  -O3 -g -module ../../incmod/w3emc_4 -I ../../incmod/sigio_4 -I ../../incmod/w3emc_4 w3fi02.f
ar -ruv   ../../libw3emc_4.a w3fi02.o
a - w3fi02.o
rm -f w3fi02.o
ifort -c  -O3 -g -module ../../incmod/w3emc_4 -I ../../incmod/sigio_4 -I ../../incmod/w3emc_4 w3fi03.f
ar -ruv   ../../libw3emc_4.a w3fi03.o
a - w3fi03.o
rm -f w3fi03.o
ifort -c  -O3 -g -module ../../incmod/w3emc_4 -I ../../incmod/sigio_4 -I ../../incmod/w3emc_4 w3fi18.f
ar -ruv   ../../libw3emc_4.a w3fi18.o
a - w3fi18.o
rm -f w3fi18.o
ifort -c  -O3 -g -module ../../incmod/w3emc_4 -I ../../incmod/sigio_4 -I ../../incmod/w3emc_4 w3fi19.f
ar -ruv   ../../libw3emc_4.a w3fi19.o
a - w3fi19.o
rm -f w3fi19.o
ifort -c  -O3 -g -module ../../incmod/w3emc_4 -I ../../incmod/sigio_4 -I ../../incmod/w3emc_4 w3fi20.f
ar -ruv   ../../libw3emc_4.a w3fi20.o
a - w3fi20.o
rm -f w3fi20.o
ifort -c  -O3 -g -module ../../incmod/w3emc_4 -I ../../incmod/sigio_4 -I ../../incmod/w3emc_4 w3fi32.f
ar -ruv   ../../libw3emc_4.a w3fi32.o
a - w3fi32.o
rm -f w3fi32.o
ifort -c  -O3 -g -module ../../incmod/w3emc_4 -I ../../incmod/sigio_4 -I ../../incmod/w3emc_4 w3fi47.f
ar -ruv   ../../libw3emc_4.a w3fi47.o
a - w3fi47.o
rm -f w3fi47.o
ifort -c  -O3 -g -module ../../incmod/w3emc_4 -I ../../incmod/sigio_4 -I ../../incmod/w3emc_4 w3fi48.f
ar -ruv   ../../libw3emc_4.a w3fi48.o
a - w3fi48.o
rm -f w3fi48.o
ifort -c  -O3 -g -module ../../incmod/w3emc_4 -I ../../incmod/sigio_4 -I ../../incmod/w3emc_4 w3fi52.f
ar -ruv   ../../libw3emc_4.a w3fi52.o
a - w3fi52.o
rm -f w3fi52.o
ifort -c  -O3 -g -module ../../incmod/w3emc_4 -I ../../incmod/sigio_4 -I ../../incmod/w3emc_4 w3fi61.f
ar -ruv   ../../libw3emc_4.a w3fi61.o
a - w3fi61.o
rm -f w3fi61.o
ifort -c  -O3 -g -module ../../incmod/w3emc_4 -I ../../incmod/sigio_4 -I ../../incmod/w3emc_4 w3fi65.f
ar -ruv   ../../libw3emc_4.a w3fi65.o
a - w3fi65.o
rm -f w3fi65.o
ifort -c  -O3 -g -module ../../incmod/w3emc_4 -I ../../incmod/sigio_4 -I ../../incmod/w3emc_4 w3fi66.f
ar -ruv   ../../libw3emc_4.a w3fi66.o
a - w3fi66.o
rm -f w3fi66.o
ifort -c  -O3 -g -module ../../incmod/w3emc_4 -I ../../incmod/sigio_4 -I ../../incmod/w3emc_4 w3fi67.f
ar -ruv   ../../libw3emc_4.a w3fi67.o
a - w3fi67.o
rm -f w3fi67.o
ifort -c  -O3 -g -module ../../incmod/w3emc_4 -I ../../incmod/sigio_4 -I ../../incmod/w3emc_4 w3fi70.f
ar -ruv   ../../libw3emc_4.a w3fi70.o
a - w3fi70.o
rm -f w3fi70.o
ifort -c  -O3 -g -module ../../incmod/w3emc_4 -I ../../incmod/sigio_4 -I ../../incmod/w3emc_4 w3fi78.f
ar -ruv   ../../libw3emc_4.a w3fi78.o
a - w3fi78.o
rm -f w3fi78.o
ifort -c  -O3 -g -module ../../incmod/w3emc_4 -I ../../incmod/sigio_4 -I ../../incmod/w3emc_4 w3fi85.f
ar -ruv   ../../libw3emc_4.a w3fi85.o
a - w3fi85.o
rm -f w3fi85.o
ifort -c  -O3 -g -module ../../incmod/w3emc_4 -I ../../incmod/sigio_4 -I ../../incmod/w3emc_4 w3fm07.f
ar -ruv   ../../libw3emc_4.a w3fm07.o
a - w3fm07.o
rm -f w3fm07.o
ifort -c  -O3 -g -module ../../incmod/w3emc_4 -I ../../incmod/sigio_4 -I ../../incmod/w3emc_4 w3fm08.f
ar -ruv   ../../libw3emc_4.a w3fm08.o
a - w3fm08.o
rm -f w3fm08.o
ifort -c  -O3 -g -module ../../incmod/w3emc_4 -I ../../incmod/sigio_4 -I ../../incmod/w3emc_4 w3fp04.f
ar -ruv   ../../libw3emc_4.a w3fp04.o
a - w3fp04.o
rm -f w3fp04.o
ifort -c  -O3 -g -module ../../incmod/w3emc_4 -I ../../incmod/sigio_4 -I ../../incmod/w3emc_4 w3fp05.f
w3fp05.f(105): remark #7960: The floating overflow condition was detected while evaluating this operation; the result is an Infinity.   [10.E70]
       DATA  CRMX  /10.E70/
--------------------^
ar -ruv   ../../libw3emc_4.a w3fp05.o
a - w3fp05.o
rm -f w3fp05.o
ifort -c  -O3 -g -module ../../incmod/w3emc_4 -I ../../incmod/sigio_4 -I ../../incmod/w3emc_4 w3fp06.f
ar -ruv   ../../libw3emc_4.a w3fp06.o
a - w3fp06.o
rm -f w3fp06.o
ifort -c  -O3 -g -module ../../incmod/w3emc_4 -I ../../incmod/sigio_4 -I ../../incmod/w3emc_4 w3fp10.f
w3fp10.f(118): remark #7960: The floating overflow condition was detected while evaluating this operation; the result is an Infinity.   [10.E70]
       DATA  CRMX  /10.E70/
--------------------^
ar -ruv   ../../libw3emc_4.a w3fp10.o
a - w3fp10.o
rm -f w3fp10.o
ifort -c  -O3 -g -module ../../incmod/w3emc_4 -I ../../incmod/sigio_4 -I ../../incmod/w3emc_4 w3fq07.f
ar -ruv   ../../libw3emc_4.a w3fq07.o
a - w3fq07.o
rm -f w3fq07.o
ifort -c  -O3 -g -module ../../incmod/w3emc_4 -I ../../incmod/sigio_4 -I ../../incmod/w3emc_4 w3ft00.f
ar -ruv   ../../libw3emc_4.a w3ft00.o
a - w3ft00.o
rm -f w3ft00.o
ifort -c  -O3 -g -module ../../incmod/w3emc_4 -I ../../incmod/sigio_4 -I ../../incmod/w3emc_4 w3ft01.f
ar -ruv   ../../libw3emc_4.a w3ft01.o
a - w3ft01.o
rm -f w3ft01.o
ifort -c  -O3 -g -module ../../incmod/w3emc_4 -I ../../incmod/sigio_4 -I ../../incmod/w3emc_4 w3ft02.f
ar -ruv   ../../libw3emc_4.a w3ft02.o
a - w3ft02.o
rm -f w3ft02.o
ifort -c  -O3 -g -module ../../incmod/w3emc_4 -I ../../incmod/sigio_4 -I ../../incmod/w3emc_4 w3ft03.f
ar -ruv   ../../libw3emc_4.a w3ft03.o
a - w3ft03.o
rm -f w3ft03.o
ifort -c  -O3 -g -module ../../incmod/w3emc_4 -I ../../incmod/sigio_4 -I ../../incmod/w3emc_4 w3ft05.f
ar -ruv   ../../libw3emc_4.a w3ft05.o
a - w3ft05.o
rm -f w3ft05.o
ifort -c  -O3 -g -module ../../incmod/w3emc_4 -I ../../incmod/sigio_4 -I ../../incmod/w3emc_4 w3ft05v.f
ar -ruv   ../../libw3emc_4.a w3ft05v.o
a - w3ft05v.o
rm -f w3ft05v.o
ifort -c  -O3 -g -module ../../incmod/w3emc_4 -I ../../incmod/sigio_4 -I ../../incmod/w3emc_4 w3ft06.f
ar -ruv   ../../libw3emc_4.a w3ft06.o
a - w3ft06.o
rm -f w3ft06.o
ifort -c  -O3 -g -module ../../incmod/w3emc_4 -I ../../incmod/sigio_4 -I ../../incmod/w3emc_4 w3ft06v.f
ar -ruv   ../../libw3emc_4.a w3ft06v.o
a - w3ft06v.o
rm -f w3ft06v.o
ifort -c  -O3 -g -module ../../incmod/w3emc_4 -I ../../incmod/sigio_4 -I ../../incmod/w3emc_4 w3ft07.f
ar -ruv   ../../libw3emc_4.a w3ft07.o
a - w3ft07.o
rm -f w3ft07.o
ifort -c  -O3 -g -module ../../incmod/w3emc_4 -I ../../incmod/sigio_4 -I ../../incmod/w3emc_4 w3ft08.f
ar -ruv   ../../libw3emc_4.a w3ft08.o
a - w3ft08.o
rm -f w3ft08.o
ifort -c  -O3 -g -module ../../incmod/w3emc_4 -I ../../incmod/sigio_4 -I ../../incmod/w3emc_4 w3ft09.f
ar -ruv   ../../libw3emc_4.a w3ft09.o
a - w3ft09.o
rm -f w3ft09.o
ifort -c  -O3 -g -module ../../incmod/w3emc_4 -I ../../incmod/sigio_4 -I ../../incmod/w3emc_4 w3ft10.f
ar -ruv   ../../libw3emc_4.a w3ft10.o
a - w3ft10.o
rm -f w3ft10.o
ifort -c  -O3 -g -module ../../incmod/w3emc_4 -I ../../incmod/sigio_4 -I ../../incmod/w3emc_4 w3ft11.f
ar -ruv   ../../libw3emc_4.a w3ft11.o
a - w3ft11.o
rm -f w3ft11.o
ifort -c  -O3 -g -module ../../incmod/w3emc_4 -I ../../incmod/sigio_4 -I ../../incmod/w3emc_4 w3ft12.f
ar -ruv   ../../libw3emc_4.a w3ft12.o
a - w3ft12.o
rm -f w3ft12.o
ifort -c  -O3 -g -module ../../incmod/w3emc_4 -I ../../incmod/sigio_4 -I ../../incmod/w3emc_4 w3ft16.f
ar -ruv   ../../libw3emc_4.a w3ft16.o
a - w3ft16.o
rm -f w3ft16.o
ifort -c  -O3 -g -module ../../incmod/w3emc_4 -I ../../incmod/sigio_4 -I ../../incmod/w3emc_4 w3ft17.f
ar -ruv   ../../libw3emc_4.a w3ft17.o
a - w3ft17.o
rm -f w3ft17.o
ifort -c  -O3 -g -module ../../incmod/w3emc_4 -I ../../incmod/sigio_4 -I ../../incmod/w3emc_4 w3ft201.f
ar -ruv   ../../libw3emc_4.a w3ft201.o
a - w3ft201.o
rm -f w3ft201.o
ifort -c  -O3 -g -module ../../incmod/w3emc_4 -I ../../incmod/sigio_4 -I ../../incmod/w3emc_4 w3ft202.f
ar -ruv   ../../libw3emc_4.a w3ft202.o
a - w3ft202.o
rm -f w3ft202.o
ifort -c  -O3 -g -module ../../incmod/w3emc_4 -I ../../incmod/sigio_4 -I ../../incmod/w3emc_4 w3ft203.f
ar -ruv   ../../libw3emc_4.a w3ft203.o
a - w3ft203.o
rm -f w3ft203.o
ifort -c  -O3 -g -module ../../incmod/w3emc_4 -I ../../incmod/sigio_4 -I ../../incmod/w3emc_4 w3ft204.f
ar -ruv   ../../libw3emc_4.a w3ft204.o
a - w3ft204.o
rm -f w3ft204.o
ifort -c  -O3 -g -module ../../incmod/w3emc_4 -I ../../incmod/sigio_4 -I ../../incmod/w3emc_4 w3ft205.f
ar -ruv   ../../libw3emc_4.a w3ft205.o
a - w3ft205.o
rm -f w3ft205.o
ifort -c  -O3 -g -module ../../incmod/w3emc_4 -I ../../incmod/sigio_4 -I ../../incmod/w3emc_4 w3ft206.f
ar -ruv   ../../libw3emc_4.a w3ft206.o
a - w3ft206.o
rm -f w3ft206.o
ifort -c  -O3 -g -module ../../incmod/w3emc_4 -I ../../incmod/sigio_4 -I ../../incmod/w3emc_4 w3ft207.f
ar -ruv   ../../libw3emc_4.a w3ft207.o
a - w3ft207.o
rm -f w3ft207.o
ifort -c  -O3 -g -module ../../incmod/w3emc_4 -I ../../incmod/sigio_4 -I ../../incmod/w3emc_4 w3ft208.f
ar -ruv   ../../libw3emc_4.a w3ft208.o
a - w3ft208.o
rm -f w3ft208.o
ifort -c  -O3 -g -module ../../incmod/w3emc_4 -I ../../incmod/sigio_4 -I ../../incmod/w3emc_4 w3ft209.f
ar -ruv   ../../libw3emc_4.a w3ft209.o
a - w3ft209.o
rm -f w3ft209.o
ifort -c  -O3 -g -module ../../incmod/w3emc_4 -I ../../incmod/sigio_4 -I ../../incmod/w3emc_4 w3ft210.f
ar -ruv   ../../libw3emc_4.a w3ft210.o
a - w3ft210.o
rm -f w3ft210.o
ifort -c  -O3 -g -module ../../incmod/w3emc_4 -I ../../incmod/sigio_4 -I ../../incmod/w3emc_4 w3ft211.f
ar -ruv   ../../libw3emc_4.a w3ft211.o
a - w3ft211.o
rm -f w3ft211.o
ifort -c  -O3 -g -module ../../incmod/w3emc_4 -I ../../incmod/sigio_4 -I ../../incmod/w3emc_4 w3ft212.f
ar -ruv   ../../libw3emc_4.a w3ft212.o
a - w3ft212.o
rm -f w3ft212.o
ifort -c  -O3 -g -module ../../incmod/w3emc_4 -I ../../incmod/sigio_4 -I ../../incmod/w3emc_4 w3ft213.f
ar -ruv   ../../libw3emc_4.a w3ft213.o
a - w3ft213.o
rm -f w3ft213.o
ifort -c  -O3 -g -module ../../incmod/w3emc_4 -I ../../incmod/sigio_4 -I ../../incmod/w3emc_4 w3ft214.f
ar -ruv   ../../libw3emc_4.a w3ft214.o
a - w3ft214.o
rm -f w3ft214.o
ifort -c  -O3 -g -module ../../incmod/w3emc_4 -I ../../incmod/sigio_4 -I ../../incmod/w3emc_4 w3ft21.f
ar -ruv   ../../libw3emc_4.a w3ft21.o
a - w3ft21.o
rm -f w3ft21.o
ifort -c  -O3 -g -module ../../incmod/w3emc_4 -I ../../incmod/sigio_4 -I ../../incmod/w3emc_4 w3ft26.f
ar -ruv   ../../libw3emc_4.a w3ft26.o
a - w3ft26.o
rm -f w3ft26.o
ifort -c  -O3 -g -module ../../incmod/w3emc_4 -I ../../incmod/sigio_4 -I ../../incmod/w3emc_4 w3ft33.f
ar -ruv   ../../libw3emc_4.a w3ft33.o
a - w3ft33.o
rm -f w3ft33.o
ifort -c  -O3 -g -module ../../incmod/w3emc_4 -I ../../incmod/sigio_4 -I ../../incmod/w3emc_4 w3ft38.f
ar -ruv   ../../libw3emc_4.a w3ft38.o
a - w3ft38.o
rm -f w3ft38.o
ifort -c  -O3 -g -module ../../incmod/w3emc_4 -I ../../incmod/sigio_4 -I ../../incmod/w3emc_4 w3ft39.f
ar -ruv   ../../libw3emc_4.a w3ft39.o
a - w3ft39.o
rm -f w3ft39.o
ifort -c  -O3 -g -module ../../incmod/w3emc_4 -I ../../incmod/sigio_4 -I ../../incmod/w3emc_4 w3ft40.f
ar -ruv   ../../libw3emc_4.a w3ft40.o
a - w3ft40.o
rm -f w3ft40.o
ifort -c  -O3 -g -module ../../incmod/w3emc_4 -I ../../incmod/sigio_4 -I ../../incmod/w3emc_4 w3ft41.f
ar -ruv   ../../libw3emc_4.a w3ft41.o
a - w3ft41.o
rm -f w3ft41.o
ifort -c  -O3 -g -module ../../incmod/w3emc_4 -I ../../incmod/sigio_4 -I ../../incmod/w3emc_4 w3ft43v.f
ar -ruv   ../../libw3emc_4.a w3ft43v.o
a - w3ft43v.o
rm -f w3ft43v.o
ifort -c  -O3 -g -module ../../incmod/w3emc_4 -I ../../incmod/sigio_4 -I ../../incmod/w3emc_4 w3log.f
ar -ruv   ../../libw3emc_4.a w3log.o
a - w3log.o
rm -f w3log.o
ifort -c  -O3 -g -module ../../incmod/w3emc_4 -I ../../incmod/sigio_4 -I ../../incmod/w3emc_4 w3miscan.f
ar -ruv   ../../libw3emc_4.a w3miscan.o
a - w3miscan.o
rm -f w3miscan.o
ifort -c  -O3 -g -module ../../incmod/w3emc_4 -I ../../incmod/sigio_4 -I ../../incmod/w3emc_4 xdopen.f
ar -ruv   ../../libw3emc_4.a xdopen.o
a - xdopen.o
rm -f xdopen.o
ifort -c  -O3 -g -r8 -i8 -module ../../incmod/w3emc_8 -I ../../incmod/sigio_4 -I ../../incmod/w3emc_8 args_mod.f
ar -ruv   ../../libw3emc_8.a args_mod.o
ar: creating ../../libw3emc_8.a
a - args_mod.o
rm -f args_mod.o
ifort -c  -O3 -g -r8 -i8 -module ../../incmod/w3emc_8 -I ../../incmod/sigio_4 -I ../../incmod/w3emc_8 gblevents.f
gblevents.f(2373): remark #8290: Recommended relationship between field width 'W' and the number of fractional digits 'D' in this edit descriptor is 'W>=D+3'.
     $ ' LEVELS ',I3,' SCALARS -------> ',F4.2,' X ',F4.2,' VERT. ',
-------------------------------------------^
gblevents.f(2373): remark #8290: Recommended relationship between field width 'W' and the number of fractional digits 'D' in this edit descriptor is 'W>=D+3'.
     $ ' LEVELS ',I3,' SCALARS -------> ',F4.2,' X ',F4.2,' VERT. ',
------------------------------------------------------^
ar -ruv   ../../libw3emc_8.a gblevents.o
a - gblevents.o
rm -f gblevents.o
ifort -c  -O3 -g -r8 -i8 -module ../../incmod/w3emc_8 -I ../../incmod/sigio_4 -I ../../incmod/w3emc_8 getgbens.f
ar -ruv   ../../libw3emc_8.a getgbens.o
a - getgbens.o
rm -f getgbens.o
ifort -c  -O3 -g -r8 -i8 -module ../../incmod/w3emc_8 -I ../../incmod/sigio_4 -I ../../incmod/w3emc_8 isrchne.f
ar -ruv   ../../libw3emc_8.a isrchne.o
a - isrchne.o
rm -f isrchne.o
ifort -c  -O3 -g -r8 -i8 -module ../../incmod/w3emc_8 -I ../../incmod/sigio_4 -I ../../incmod/w3emc_8 iw3mat.f
ar -ruv   ../../libw3emc_8.a iw3mat.o
a - iw3mat.o
rm -f iw3mat.o
ifort -c  -O3 -g -r8 -i8 -module ../../incmod/w3emc_8 -I ../../incmod/sigio_4 -I ../../incmod/w3emc_8 mersenne_twister.f
ar -ruv   ../../libw3emc_8.a mersenne_twister.o
a - mersenne_twister.o
rm -f mersenne_twister.o
ifort -c  -O3 -g -r8 -i8 -module ../../incmod/w3emc_8 -I ../../incmod/sigio_4 -I ../../incmod/w3emc_8 mova2i.f
ar -ruv   ../../libw3emc_8.a mova2i.o
a - mova2i.o
rm -f mova2i.o
ifort -c  -O3 -g -r8 -i8 -module ../../incmod/w3emc_8 -I ../../incmod/sigio_4 -I ../../incmod/w3emc_8 orders.f
ar -ruv   ../../libw3emc_8.a orders.o
a - orders.o
rm -f orders.o
ifort -c  -O3 -g -r8 -i8 -module ../../incmod/w3emc_8 -I ../../incmod/sigio_4 -I ../../incmod/w3emc_8 putgbens.f
ar -ruv   ../../libw3emc_8.a putgbens.o
a - putgbens.o
rm -f putgbens.o
ifort -c  -O3 -g -r8 -i8 -module ../../incmod/w3emc_8 -I ../../incmod/sigio_4 -I ../../incmod/w3emc_8 start.f
ar -ruv   ../../libw3emc_8.a start.o
a - start.o
rm -f start.o
ifort -c  -O3 -g -r8 -i8 -module ../../incmod/w3emc_8 -I ../../incmod/sigio_4 -I ../../incmod/w3emc_8 summary.f
ar -ruv   ../../libw3emc_8.a summary.o
a - summary.o
rm -f summary.o
ifort -c  -O3 -g -r8 -i8 -module ../../incmod/w3emc_8 -I ../../incmod/sigio_4 -I ../../incmod/w3emc_8 w3ai40.f
ar -ruv   ../../libw3emc_8.a w3ai40.o
a - w3ai40.o
rm -f w3ai40.o
ifort -c  -O3 -g -r8 -i8 -module ../../incmod/w3emc_8 -I ../../incmod/sigio_4 -I ../../incmod/w3emc_8 w3ai41.f
ar -ruv   ../../libw3emc_8.a w3ai41.o
a - w3ai41.o
rm -f w3ai41.o
ifort -c  -O3 -g -r8 -i8 -module ../../incmod/w3emc_8 -I ../../incmod/sigio_4 -I ../../incmod/w3emc_8 w3ctzdat.f
ar -ruv   ../../libw3emc_8.a w3ctzdat.o
a - w3ctzdat.o
rm -f w3ctzdat.o
ifort -c  -O3 -g -r8 -i8 -module ../../incmod/w3emc_8 -I ../../incmod/sigio_4 -I ../../incmod/w3emc_8 w3fa01.f
ar -ruv   ../../libw3emc_8.a w3fa01.o
a - w3fa01.o
rm -f w3fa01.o
ifort -c  -O3 -g -r8 -i8 -module ../../incmod/w3emc_8 -I ../../incmod/sigio_4 -I ../../incmod/w3emc_8 w3fa03.f
ar -ruv   ../../libw3emc_8.a w3fa03.o
a - w3fa03.o
rm -f w3fa03.o
ifort -c  -O3 -g -r8 -i8 -module ../../incmod/w3emc_8 -I ../../incmod/sigio_4 -I ../../incmod/w3emc_8 w3fa03v.f
ar -ruv   ../../libw3emc_8.a w3fa03v.o
a - w3fa03v.o
rm -f w3fa03v.o
ifort -c  -O3 -g -r8 -i8 -module ../../incmod/w3emc_8 -I ../../incmod/sigio_4 -I ../../incmod/w3emc_8 w3fa04.f
ar -ruv   ../../libw3emc_8.a w3fa04.o
a - w3fa04.o
rm -f w3fa04.o
ifort -c  -O3 -g -r8 -i8 -module ../../incmod/w3emc_8 -I ../../incmod/sigio_4 -I ../../incmod/w3emc_8 w3fa06.f
ar -ruv   ../../libw3emc_8.a w3fa06.o
a - w3fa06.o
rm -f w3fa06.o
ifort -c  -O3 -g -r8 -i8 -module ../../incmod/w3emc_8 -I ../../incmod/sigio_4 -I ../../incmod/w3emc_8 w3fa09.f
ar -ruv   ../../libw3emc_8.a w3fa09.o
a - w3fa09.o
rm -f w3fa09.o
ifort -c  -O3 -g -r8 -i8 -module ../../incmod/w3emc_8 -I ../../incmod/sigio_4 -I ../../incmod/w3emc_8 w3fa11.f
ar -ruv   ../../libw3emc_8.a w3fa11.o
a - w3fa11.o
rm -f w3fa11.o
ifort -c  -O3 -g -r8 -i8 -module ../../incmod/w3emc_8 -I ../../incmod/sigio_4 -I ../../incmod/w3emc_8 w3fa12.f
ar -ruv   ../../libw3emc_8.a w3fa12.o
a - w3fa12.o
rm -f w3fa12.o
ifort -c  -O3 -g -r8 -i8 -module ../../incmod/w3emc_8 -I ../../incmod/sigio_4 -I ../../incmod/w3emc_8 w3fa13.f
ar -ruv   ../../libw3emc_8.a w3fa13.o
a - w3fa13.o
rm -f w3fa13.o
ifort -c  -O3 -g -r8 -i8 -module ../../incmod/w3emc_8 -I ../../incmod/sigio_4 -I ../../incmod/w3emc_8 w3fb00.f
ar -ruv   ../../libw3emc_8.a w3fb00.o
a - w3fb00.o
rm -f w3fb00.o
ifort -c  -O3 -g -r8 -i8 -module ../../incmod/w3emc_8 -I ../../incmod/sigio_4 -I ../../incmod/w3emc_8 w3fb01.f
ar -ruv   ../../libw3emc_8.a w3fb01.o
a - w3fb01.o
rm -f w3fb01.o
ifort -c  -O3 -g -r8 -i8 -module ../../incmod/w3emc_8 -I ../../incmod/sigio_4 -I ../../incmod/w3emc_8 w3fb02.f
ar -ruv   ../../libw3emc_8.a w3fb02.o
a - w3fb02.o
rm -f w3fb02.o
ifort -c  -O3 -g -r8 -i8 -module ../../incmod/w3emc_8 -I ../../incmod/sigio_4 -I ../../incmod/w3emc_8 w3fb03.f
ar -ruv   ../../libw3emc_8.a w3fb03.o
a - w3fb03.o
rm -f w3fb03.o
ifort -c  -O3 -g -r8 -i8 -module ../../incmod/w3emc_8 -I ../../incmod/sigio_4 -I ../../incmod/w3emc_8 w3fb04.f
ar -ruv   ../../libw3emc_8.a w3fb04.o
a - w3fb04.o
rm -f w3fb04.o
ifort -c  -O3 -g -r8 -i8 -module ../../incmod/w3emc_8 -I ../../incmod/sigio_4 -I ../../incmod/w3emc_8 w3fb05.f
ar -ruv   ../../libw3emc_8.a w3fb05.o
a - w3fb05.o
rm -f w3fb05.o
ifort -c  -O3 -g -r8 -i8 -module ../../incmod/w3emc_8 -I ../../incmod/sigio_4 -I ../../incmod/w3emc_8 w3fb06.f
ar -ruv   ../../libw3emc_8.a w3fb06.o
a - w3fb06.o
rm -f w3fb06.o
ifort -c  -O3 -g -r8 -i8 -module ../../incmod/w3emc_8 -I ../../incmod/sigio_4 -I ../../incmod/w3emc_8 w3fb07.f
ar -ruv   ../../libw3emc_8.a w3fb07.o
a - w3fb07.o
rm -f w3fb07.o
ifort -c  -O3 -g -r8 -i8 -module ../../incmod/w3emc_8 -I ../../incmod/sigio_4 -I ../../incmod/w3emc_8 w3fb08.f
ar -ruv   ../../libw3emc_8.a w3fb08.o
a - w3fb08.o
rm -f w3fb08.o
ifort -c  -O3 -g -r8 -i8 -module ../../incmod/w3emc_8 -I ../../incmod/sigio_4 -I ../../incmod/w3emc_8 w3fb09.f
ar -ruv   ../../libw3emc_8.a w3fb09.o
a - w3fb09.o
rm -f w3fb09.o
ifort -c  -O3 -g -r8 -i8 -module ../../incmod/w3emc_8 -I ../../incmod/sigio_4 -I ../../incmod/w3emc_8 w3fb10.f
ar -ruv   ../../libw3emc_8.a w3fb10.o
a - w3fb10.o
rm -f w3fb10.o
ifort -c  -O3 -g -r8 -i8 -module ../../incmod/w3emc_8 -I ../../incmod/sigio_4 -I ../../incmod/w3emc_8 w3fb11.f
ar -ruv   ../../libw3emc_8.a w3fb11.o
a - w3fb11.o
rm -f w3fb11.o
ifort -c  -O3 -g -r8 -i8 -module ../../incmod/w3emc_8 -I ../../incmod/sigio_4 -I ../../incmod/w3emc_8 w3fb12.f
ar -ruv   ../../libw3emc_8.a w3fb12.o
a - w3fb12.o
rm -f w3fb12.o
ifort -c  -O3 -g -r8 -i8 -module ../../incmod/w3emc_8 -I ../../incmod/sigio_4 -I ../../incmod/w3emc_8 w3fc02.f
ar -ruv   ../../libw3emc_8.a w3fc02.o
a - w3fc02.o
rm -f w3fc02.o
ifort -c  -O3 -g -r8 -i8 -module ../../incmod/w3emc_8 -I ../../incmod/sigio_4 -I ../../incmod/w3emc_8 w3fc05.f
ar -ruv   ../../libw3emc_8.a w3fc05.o
a - w3fc05.o
rm -f w3fc05.o
ifort -c  -O3 -g -r8 -i8 -module ../../incmod/w3emc_8 -I ../../incmod/sigio_4 -I ../../incmod/w3emc_8 w3fc06.f
ar -ruv   ../../libw3emc_8.a w3fc06.o
a - w3fc06.o
rm -f w3fc06.o
ifort -c  -O3 -g -r8 -i8 -module ../../incmod/w3emc_8 -I ../../incmod/sigio_4 -I ../../incmod/w3emc_8 w3fc07.f
ar -ruv   ../../libw3emc_8.a w3fc07.o
a - w3fc07.o
rm -f w3fc07.o
ifort -c  -O3 -g -r8 -i8 -module ../../incmod/w3emc_8 -I ../../incmod/sigio_4 -I ../../incmod/w3emc_8 w3fc08.f
ar -ruv   ../../libw3emc_8.a w3fc08.o
a - w3fc08.o
rm -f w3fc08.o
ifort -c  -O3 -g -r8 -i8 -module ../../incmod/w3emc_8 -I ../../incmod/sigio_4 -I ../../incmod/w3emc_8 w3fi02.f
ar -ruv   ../../libw3emc_8.a w3fi02.o
a - w3fi02.o
rm -f w3fi02.o
ifort -c  -O3 -g -r8 -i8 -module ../../incmod/w3emc_8 -I ../../incmod/sigio_4 -I ../../incmod/w3emc_8 w3fi03.f
ar -ruv   ../../libw3emc_8.a w3fi03.o
a - w3fi03.o
rm -f w3fi03.o
ifort -c  -O3 -g -r8 -i8 -module ../../incmod/w3emc_8 -I ../../incmod/sigio_4 -I ../../incmod/w3emc_8 w3fi18.f
ar -ruv   ../../libw3emc_8.a w3fi18.o
a - w3fi18.o
rm -f w3fi18.o
ifort -c  -O3 -g -r8 -i8 -module ../../incmod/w3emc_8 -I ../../incmod/sigio_4 -I ../../incmod/w3emc_8 w3fi19.f
ar -ruv   ../../libw3emc_8.a w3fi19.o
a - w3fi19.o
rm -f w3fi19.o
ifort -c  -O3 -g -r8 -i8 -module ../../incmod/w3emc_8 -I ../../incmod/sigio_4 -I ../../incmod/w3emc_8 w3fi20.f
ar -ruv   ../../libw3emc_8.a w3fi20.o
a - w3fi20.o
rm -f w3fi20.o
ifort -c  -O3 -g -r8 -i8 -module ../../incmod/w3emc_8 -I ../../incmod/sigio_4 -I ../../incmod/w3emc_8 w3fi32.f
ar -ruv   ../../libw3emc_8.a w3fi32.o
a - w3fi32.o
rm -f w3fi32.o
ifort -c  -O3 -g -r8 -i8 -module ../../incmod/w3emc_8 -I ../../incmod/sigio_4 -I ../../incmod/w3emc_8 w3fi47.f
ar -ruv   ../../libw3emc_8.a w3fi47.o
a - w3fi47.o
rm -f w3fi47.o
ifort -c  -O3 -g -r8 -i8 -module ../../incmod/w3emc_8 -I ../../incmod/sigio_4 -I ../../incmod/w3emc_8 w3fi48.f
ar -ruv   ../../libw3emc_8.a w3fi48.o
a - w3fi48.o
rm -f w3fi48.o
ifort -c  -O3 -g -r8 -i8 -module ../../incmod/w3emc_8 -I ../../incmod/sigio_4 -I ../../incmod/w3emc_8 w3fi52.f
ar -ruv   ../../libw3emc_8.a w3fi52.o
a - w3fi52.o
rm -f w3fi52.o
ifort -c  -O3 -g -r8 -i8 -module ../../incmod/w3emc_8 -I ../../incmod/sigio_4 -I ../../incmod/w3emc_8 w3fi61.f
ar -ruv   ../../libw3emc_8.a w3fi61.o
a - w3fi61.o
rm -f w3fi61.o
ifort -c  -O3 -g -r8 -i8 -module ../../incmod/w3emc_8 -I ../../incmod/sigio_4 -I ../../incmod/w3emc_8 w3fi65.f
ar -ruv   ../../libw3emc_8.a w3fi65.o
a - w3fi65.o
rm -f w3fi65.o
ifort -c  -O3 -g -r8 -i8 -module ../../incmod/w3emc_8 -I ../../incmod/sigio_4 -I ../../incmod/w3emc_8 w3fi66.f
ar -ruv   ../../libw3emc_8.a w3fi66.o
a - w3fi66.o
rm -f w3fi66.o
ifort -c  -O3 -g -r8 -i8 -module ../../incmod/w3emc_8 -I ../../incmod/sigio_4 -I ../../incmod/w3emc_8 w3fi67.f
ar -ruv   ../../libw3emc_8.a w3fi67.o
a - w3fi67.o
rm -f w3fi67.o
ifort -c  -O3 -g -r8 -i8 -module ../../incmod/w3emc_8 -I ../../incmod/sigio_4 -I ../../incmod/w3emc_8 w3fi70.f
ar -ruv   ../../libw3emc_8.a w3fi70.o
a - w3fi70.o
rm -f w3fi70.o
ifort -c  -O3 -g -r8 -i8 -module ../../incmod/w3emc_8 -I ../../incmod/sigio_4 -I ../../incmod/w3emc_8 w3fi78.f
ar -ruv   ../../libw3emc_8.a w3fi78.o
a - w3fi78.o
rm -f w3fi78.o
ifort -c  -O3 -g -r8 -i8 -module ../../incmod/w3emc_8 -I ../../incmod/sigio_4 -I ../../incmod/w3emc_8 w3fi85.f
ar -ruv   ../../libw3emc_8.a w3fi85.o
a - w3fi85.o
rm -f w3fi85.o
ifort -c  -O3 -g -r8 -i8 -module ../../incmod/w3emc_8 -I ../../incmod/sigio_4 -I ../../incmod/w3emc_8 w3fm07.f
ar -ruv   ../../libw3emc_8.a w3fm07.o
a - w3fm07.o
rm -f w3fm07.o
ifort -c  -O3 -g -r8 -i8 -module ../../incmod/w3emc_8 -I ../../incmod/sigio_4 -I ../../incmod/w3emc_8 w3fm08.f
ar -ruv   ../../libw3emc_8.a w3fm08.o
a - w3fm08.o
rm -f w3fm08.o
ifort -c  -O3 -g -r8 -i8 -module ../../incmod/w3emc_8 -I ../../incmod/sigio_4 -I ../../incmod/w3emc_8 w3fp04.f
ar -ruv   ../../libw3emc_8.a w3fp04.o
a - w3fp04.o
rm -f w3fp04.o
ifort -c  -O3 -g -r8 -i8 -module ../../incmod/w3emc_8 -I ../../incmod/sigio_4 -I ../../incmod/w3emc_8 w3fp05.f
ar -ruv   ../../libw3emc_8.a w3fp05.o
a - w3fp05.o
rm -f w3fp05.o
ifort -c  -O3 -g -r8 -i8 -module ../../incmod/w3emc_8 -I ../../incmod/sigio_4 -I ../../incmod/w3emc_8 w3fp06.f
ar -ruv   ../../libw3emc_8.a w3fp06.o
a - w3fp06.o
rm -f w3fp06.o
ifort -c  -O3 -g -r8 -i8 -module ../../incmod/w3emc_8 -I ../../incmod/sigio_4 -I ../../incmod/w3emc_8 w3fp10.f
ar -ruv   ../../libw3emc_8.a w3fp10.o
a - w3fp10.o
rm -f w3fp10.o
ifort -c  -O3 -g -r8 -i8 -module ../../incmod/w3emc_8 -I ../../incmod/sigio_4 -I ../../incmod/w3emc_8 w3fq07.f
ar -ruv   ../../libw3emc_8.a w3fq07.o
a - w3fq07.o
rm -f w3fq07.o
ifort -c  -O3 -g -r8 -i8 -module ../../incmod/w3emc_8 -I ../../incmod/sigio_4 -I ../../incmod/w3emc_8 w3ft00.f
ar -ruv   ../../libw3emc_8.a w3ft00.o
a - w3ft00.o
rm -f w3ft00.o
ifort -c  -O3 -g -r8 -i8 -module ../../incmod/w3emc_8 -I ../../incmod/sigio_4 -I ../../incmod/w3emc_8 w3ft01.f
ar -ruv   ../../libw3emc_8.a w3ft01.o
a - w3ft01.o
rm -f w3ft01.o
ifort -c  -O3 -g -r8 -i8 -module ../../incmod/w3emc_8 -I ../../incmod/sigio_4 -I ../../incmod/w3emc_8 w3ft02.f
ar -ruv   ../../libw3emc_8.a w3ft02.o
a - w3ft02.o
rm -f w3ft02.o
ifort -c  -O3 -g -r8 -i8 -module ../../incmod/w3emc_8 -I ../../incmod/sigio_4 -I ../../incmod/w3emc_8 w3ft03.f
ar -ruv   ../../libw3emc_8.a w3ft03.o
a - w3ft03.o
rm -f w3ft03.o
ifort -c  -O3 -g -r8 -i8 -module ../../incmod/w3emc_8 -I ../../incmod/sigio_4 -I ../../incmod/w3emc_8 w3ft05.f
ar -ruv   ../../libw3emc_8.a w3ft05.o
a - w3ft05.o
rm -f w3ft05.o
ifort -c  -O3 -g -r8 -i8 -module ../../incmod/w3emc_8 -I ../../incmod/sigio_4 -I ../../incmod/w3emc_8 w3ft05v.f
ar -ruv   ../../libw3emc_8.a w3ft05v.o
a - w3ft05v.o
rm -f w3ft05v.o
ifort -c  -O3 -g -r8 -i8 -module ../../incmod/w3emc_8 -I ../../incmod/sigio_4 -I ../../incmod/w3emc_8 w3ft06.f
ar -ruv   ../../libw3emc_8.a w3ft06.o
a - w3ft06.o
rm -f w3ft06.o
ifort -c  -O3 -g -r8 -i8 -module ../../incmod/w3emc_8 -I ../../incmod/sigio_4 -I ../../incmod/w3emc_8 w3ft06v.f
ar -ruv   ../../libw3emc_8.a w3ft06v.o
a - w3ft06v.o
rm -f w3ft06v.o
ifort -c  -O3 -g -r8 -i8 -module ../../incmod/w3emc_8 -I ../../incmod/sigio_4 -I ../../incmod/w3emc_8 w3ft07.f
ar -ruv   ../../libw3emc_8.a w3ft07.o
a - w3ft07.o
rm -f w3ft07.o
ifort -c  -O3 -g -r8 -i8 -module ../../incmod/w3emc_8 -I ../../incmod/sigio_4 -I ../../incmod/w3emc_8 w3ft08.f
ar -ruv   ../../libw3emc_8.a w3ft08.o
a - w3ft08.o
rm -f w3ft08.o
ifort -c  -O3 -g -r8 -i8 -module ../../incmod/w3emc_8 -I ../../incmod/sigio_4 -I ../../incmod/w3emc_8 w3ft09.f
ar -ruv   ../../libw3emc_8.a w3ft09.o
a - w3ft09.o
rm -f w3ft09.o
ifort -c  -O3 -g -r8 -i8 -module ../../incmod/w3emc_8 -I ../../incmod/sigio_4 -I ../../incmod/w3emc_8 w3ft10.f
ar -ruv   ../../libw3emc_8.a w3ft10.o
a - w3ft10.o
rm -f w3ft10.o
ifort -c  -O3 -g -r8 -i8 -module ../../incmod/w3emc_8 -I ../../incmod/sigio_4 -I ../../incmod/w3emc_8 w3ft11.f
ar -ruv   ../../libw3emc_8.a w3ft11.o
a - w3ft11.o
rm -f w3ft11.o
ifort -c  -O3 -g -r8 -i8 -module ../../incmod/w3emc_8 -I ../../incmod/sigio_4 -I ../../incmod/w3emc_8 w3ft12.f
ar -ruv   ../../libw3emc_8.a w3ft12.o
a - w3ft12.o
rm -f w3ft12.o
ifort -c  -O3 -g -r8 -i8 -module ../../incmod/w3emc_8 -I ../../incmod/sigio_4 -I ../../incmod/w3emc_8 w3ft16.f
ar -ruv   ../../libw3emc_8.a w3ft16.o
a - w3ft16.o
rm -f w3ft16.o
ifort -c  -O3 -g -r8 -i8 -module ../../incmod/w3emc_8 -I ../../incmod/sigio_4 -I ../../incmod/w3emc_8 w3ft17.f
ar -ruv   ../../libw3emc_8.a w3ft17.o
a - w3ft17.o
rm -f w3ft17.o
ifort -c  -O3 -g -r8 -i8 -module ../../incmod/w3emc_8 -I ../../incmod/sigio_4 -I ../../incmod/w3emc_8 w3ft201.f
ar -ruv   ../../libw3emc_8.a w3ft201.o
a - w3ft201.o
rm -f w3ft201.o
ifort -c  -O3 -g -r8 -i8 -module ../../incmod/w3emc_8 -I ../../incmod/sigio_4 -I ../../incmod/w3emc_8 w3ft202.f
ar -ruv   ../../libw3emc_8.a w3ft202.o
a - w3ft202.o
rm -f w3ft202.o
ifort -c  -O3 -g -r8 -i8 -module ../../incmod/w3emc_8 -I ../../incmod/sigio_4 -I ../../incmod/w3emc_8 w3ft203.f
ar -ruv   ../../libw3emc_8.a w3ft203.o
a - w3ft203.o
rm -f w3ft203.o
ifort -c  -O3 -g -r8 -i8 -module ../../incmod/w3emc_8 -I ../../incmod/sigio_4 -I ../../incmod/w3emc_8 w3ft204.f
ar -ruv   ../../libw3emc_8.a w3ft204.o
a - w3ft204.o
rm -f w3ft204.o
ifort -c  -O3 -g -r8 -i8 -module ../../incmod/w3emc_8 -I ../../incmod/sigio_4 -I ../../incmod/w3emc_8 w3ft205.f
ar -ruv   ../../libw3emc_8.a w3ft205.o
a - w3ft205.o
rm -f w3ft205.o
ifort -c  -O3 -g -r8 -i8 -module ../../incmod/w3emc_8 -I ../../incmod/sigio_4 -I ../../incmod/w3emc_8 w3ft206.f
ar -ruv   ../../libw3emc_8.a w3ft206.o
a - w3ft206.o
rm -f w3ft206.o
ifort -c  -O3 -g -r8 -i8 -module ../../incmod/w3emc_8 -I ../../incmod/sigio_4 -I ../../incmod/w3emc_8 w3ft207.f
ar -ruv   ../../libw3emc_8.a w3ft207.o
a - w3ft207.o
rm -f w3ft207.o
ifort -c  -O3 -g -r8 -i8 -module ../../incmod/w3emc_8 -I ../../incmod/sigio_4 -I ../../incmod/w3emc_8 w3ft208.f
ar -ruv   ../../libw3emc_8.a w3ft208.o
a - w3ft208.o
rm -f w3ft208.o
ifort -c  -O3 -g -r8 -i8 -module ../../incmod/w3emc_8 -I ../../incmod/sigio_4 -I ../../incmod/w3emc_8 w3ft209.f
ar -ruv   ../../libw3emc_8.a w3ft209.o
a - w3ft209.o
rm -f w3ft209.o
ifort -c  -O3 -g -r8 -i8 -module ../../incmod/w3emc_8 -I ../../incmod/sigio_4 -I ../../incmod/w3emc_8 w3ft210.f
ar -ruv   ../../libw3emc_8.a w3ft210.o
a - w3ft210.o
rm -f w3ft210.o
ifort -c  -O3 -g -r8 -i8 -module ../../incmod/w3emc_8 -I ../../incmod/sigio_4 -I ../../incmod/w3emc_8 w3ft211.f
ar -ruv   ../../libw3emc_8.a w3ft211.o
a - w3ft211.o
rm -f w3ft211.o
ifort -c  -O3 -g -r8 -i8 -module ../../incmod/w3emc_8 -I ../../incmod/sigio_4 -I ../../incmod/w3emc_8 w3ft212.f
ar -ruv   ../../libw3emc_8.a w3ft212.o
a - w3ft212.o
rm -f w3ft212.o
ifort -c  -O3 -g -r8 -i8 -module ../../incmod/w3emc_8 -I ../../incmod/sigio_4 -I ../../incmod/w3emc_8 w3ft213.f
ar -ruv   ../../libw3emc_8.a w3ft213.o
a - w3ft213.o
rm -f w3ft213.o
ifort -c  -O3 -g -r8 -i8 -module ../../incmod/w3emc_8 -I ../../incmod/sigio_4 -I ../../incmod/w3emc_8 w3ft214.f
ar -ruv   ../../libw3emc_8.a w3ft214.o
a - w3ft214.o
rm -f w3ft214.o
ifort -c  -O3 -g -r8 -i8 -module ../../incmod/w3emc_8 -I ../../incmod/sigio_4 -I ../../incmod/w3emc_8 w3ft21.f
ar -ruv   ../../libw3emc_8.a w3ft21.o
a - w3ft21.o
rm -f w3ft21.o
ifort -c  -O3 -g -r8 -i8 -module ../../incmod/w3emc_8 -I ../../incmod/sigio_4 -I ../../incmod/w3emc_8 w3ft26.f
ar -ruv   ../../libw3emc_8.a w3ft26.o
a - w3ft26.o
rm -f w3ft26.o
ifort -c  -O3 -g -r8 -i8 -module ../../incmod/w3emc_8 -I ../../incmod/sigio_4 -I ../../incmod/w3emc_8 w3ft33.f
ar -ruv   ../../libw3emc_8.a w3ft33.o
a - w3ft33.o
rm -f w3ft33.o
ifort -c  -O3 -g -r8 -i8 -module ../../incmod/w3emc_8 -I ../../incmod/sigio_4 -I ../../incmod/w3emc_8 w3ft38.f
ar -ruv   ../../libw3emc_8.a w3ft38.o
a - w3ft38.o
rm -f w3ft38.o
ifort -c  -O3 -g -r8 -i8 -module ../../incmod/w3emc_8 -I ../../incmod/sigio_4 -I ../../incmod/w3emc_8 w3ft39.f
ar -ruv   ../../libw3emc_8.a w3ft39.o
a - w3ft39.o
rm -f w3ft39.o
ifort -c  -O3 -g -r8 -i8 -module ../../incmod/w3emc_8 -I ../../incmod/sigio_4 -I ../../incmod/w3emc_8 w3ft40.f
ar -ruv   ../../libw3emc_8.a w3ft40.o
a - w3ft40.o
rm -f w3ft40.o
ifort -c  -O3 -g -r8 -i8 -module ../../incmod/w3emc_8 -I ../../incmod/sigio_4 -I ../../incmod/w3emc_8 w3ft41.f
ar -ruv   ../../libw3emc_8.a w3ft41.o
a - w3ft41.o
rm -f w3ft41.o
ifort -c  -O3 -g -r8 -i8 -module ../../incmod/w3emc_8 -I ../../incmod/sigio_4 -I ../../incmod/w3emc_8 w3ft43v.f
ar -ruv   ../../libw3emc_8.a w3ft43v.o
a - w3ft43v.o
rm -f w3ft43v.o
ifort -c  -O3 -g -r8 -i8 -module ../../incmod/w3emc_8 -I ../../incmod/sigio_4 -I ../../incmod/w3emc_8 w3log.f
ar -ruv   ../../libw3emc_8.a w3log.o
a - w3log.o
rm -f w3log.o
ifort -c  -O3 -g -r8 -i8 -module ../../incmod/w3emc_8 -I ../../incmod/sigio_4 -I ../../incmod/w3emc_8 w3miscan.f
ar -ruv   ../../libw3emc_8.a w3miscan.o
a - w3miscan.o
rm -f w3miscan.o
ifort -c  -O3 -g -r8 -i8 -module ../../incmod/w3emc_8 -I ../../incmod/sigio_4 -I ../../incmod/w3emc_8 xdopen.f
ar -ruv   ../../libw3emc_8.a xdopen.o
a - xdopen.o
rm -f xdopen.o
ifort -c  -O3 -g -r8 -module ../../incmod/w3emc_d -I ../../incmod/sigio_4 -I ../../incmod/w3emc_d args_mod.f
ar -ruv   ../../libw3emc_d.a args_mod.o
ar: creating ../../libw3emc_d.a
a - args_mod.o
rm -f args_mod.o
ifort -c  -O3 -g -r8 -module ../../incmod/w3emc_d -I ../../incmod/sigio_4 -I ../../incmod/w3emc_d gblevents.f
gblevents.f(2033): remark #6375: Because of COMMON, the alignment of object is inconsistent with its type - potential performance impact   [RECALC_Q]
     $ QTOP_REJ,SATMQC,ADPUPA_VIRT,RECALC_Q,DOPREV
-----------------------------------^
gblevents.f(2033): remark #6375: Because of COMMON, the alignment of object is inconsistent with its type - potential performance impact   [DOPREV]
     $ QTOP_REJ,SATMQC,ADPUPA_VIRT,RECALC_Q,DOPREV
--------------------------------------------^
gblevents.f(2373): remark #8290: Recommended relationship between field width 'W' and the number of fractional digits 'D' in this edit descriptor is 'W>=D+3'.
     $ ' LEVELS ',I3,' SCALARS -------> ',F4.2,' X ',F4.2,' VERT. ',
-------------------------------------------^
gblevents.f(2373): remark #8290: Recommended relationship between field width 'W' and the number of fractional digits 'D' in this edit descriptor is 'W>=D+3'.
     $ ' LEVELS ',I3,' SCALARS -------> ',F4.2,' X ',F4.2,' VERT. ',
------------------------------------------------------^
ar -ruv   ../../libw3emc_d.a gblevents.o
a - gblevents.o
rm -f gblevents.o
ifort -c  -O3 -g -r8 -module ../../incmod/w3emc_d -I ../../incmod/sigio_4 -I ../../incmod/w3emc_d getgbens.f
ar -ruv   ../../libw3emc_d.a getgbens.o
a - getgbens.o
rm -f getgbens.o
ifort -c  -O3 -g -r8 -module ../../incmod/w3emc_d -I ../../incmod/sigio_4 -I ../../incmod/w3emc_d isrchne.f
ar -ruv   ../../libw3emc_d.a isrchne.o
a - isrchne.o
rm -f isrchne.o
ifort -c  -O3 -g -r8 -module ../../incmod/w3emc_d -I ../../incmod/sigio_4 -I ../../incmod/w3emc_d iw3mat.f
ar -ruv   ../../libw3emc_d.a iw3mat.o
a - iw3mat.o
rm -f iw3mat.o
ifort -c  -O3 -g -r8 -module ../../incmod/w3emc_d -I ../../incmod/sigio_4 -I ../../incmod/w3emc_d mersenne_twister.f
ar -ruv   ../../libw3emc_d.a mersenne_twister.o
a - mersenne_twister.o
rm -f mersenne_twister.o
ifort -c  -O3 -g -r8 -module ../../incmod/w3emc_d -I ../../incmod/sigio_4 -I ../../incmod/w3emc_d mova2i.f
ar -ruv   ../../libw3emc_d.a mova2i.o
a - mova2i.o
rm -f mova2i.o
ifort -c  -O3 -g -r8 -module ../../incmod/w3emc_d -I ../../incmod/sigio_4 -I ../../incmod/w3emc_d orders.f
ar -ruv   ../../libw3emc_d.a orders.o
a - orders.o
rm -f orders.o
ifort -c  -O3 -g -r8 -module ../../incmod/w3emc_d -I ../../incmod/sigio_4 -I ../../incmod/w3emc_d putgbens.f
ar -ruv   ../../libw3emc_d.a putgbens.o
a - putgbens.o
rm -f putgbens.o
ifort -c  -O3 -g -r8 -module ../../incmod/w3emc_d -I ../../incmod/sigio_4 -I ../../incmod/w3emc_d start.f
ar -ruv   ../../libw3emc_d.a start.o
a - start.o
rm -f start.o
ifort -c  -O3 -g -r8 -module ../../incmod/w3emc_d -I ../../incmod/sigio_4 -I ../../incmod/w3emc_d summary.f
ar -ruv   ../../libw3emc_d.a summary.o
a - summary.o
rm -f summary.o
ifort -c  -O3 -g -r8 -module ../../incmod/w3emc_d -I ../../incmod/sigio_4 -I ../../incmod/w3emc_d w3ai40.f
ar -ruv   ../../libw3emc_d.a w3ai40.o
a - w3ai40.o
rm -f w3ai40.o
ifort -c  -O3 -g -r8 -module ../../incmod/w3emc_d -I ../../incmod/sigio_4 -I ../../incmod/w3emc_d w3ai41.f
ar -ruv   ../../libw3emc_d.a w3ai41.o
a - w3ai41.o
rm -f w3ai41.o
ifort -c  -O3 -g -r8 -module ../../incmod/w3emc_d -I ../../incmod/sigio_4 -I ../../incmod/w3emc_d w3ctzdat.f
ar -ruv   ../../libw3emc_d.a w3ctzdat.o
a - w3ctzdat.o
rm -f w3ctzdat.o
ifort -c  -O3 -g -r8 -module ../../incmod/w3emc_d -I ../../incmod/sigio_4 -I ../../incmod/w3emc_d w3fa01.f
ar -ruv   ../../libw3emc_d.a w3fa01.o
a - w3fa01.o
rm -f w3fa01.o
ifort -c  -O3 -g -r8 -module ../../incmod/w3emc_d -I ../../incmod/sigio_4 -I ../../incmod/w3emc_d w3fa03.f
ar -ruv   ../../libw3emc_d.a w3fa03.o
a - w3fa03.o
rm -f w3fa03.o
ifort -c  -O3 -g -r8 -module ../../incmod/w3emc_d -I ../../incmod/sigio_4 -I ../../incmod/w3emc_d w3fa03v.f
ar -ruv   ../../libw3emc_d.a w3fa03v.o
a - w3fa03v.o
rm -f w3fa03v.o
ifort -c  -O3 -g -r8 -module ../../incmod/w3emc_d -I ../../incmod/sigio_4 -I ../../incmod/w3emc_d w3fa04.f
ar -ruv   ../../libw3emc_d.a w3fa04.o
a - w3fa04.o
rm -f w3fa04.o
ifort -c  -O3 -g -r8 -module ../../incmod/w3emc_d -I ../../incmod/sigio_4 -I ../../incmod/w3emc_d w3fa06.f
ar -ruv   ../../libw3emc_d.a w3fa06.o
a - w3fa06.o
rm -f w3fa06.o
ifort -c  -O3 -g -r8 -module ../../incmod/w3emc_d -I ../../incmod/sigio_4 -I ../../incmod/w3emc_d w3fa09.f
ar -ruv   ../../libw3emc_d.a w3fa09.o
a - w3fa09.o
rm -f w3fa09.o
ifort -c  -O3 -g -r8 -module ../../incmod/w3emc_d -I ../../incmod/sigio_4 -I ../../incmod/w3emc_d w3fa11.f
ar -ruv   ../../libw3emc_d.a w3fa11.o
a - w3fa11.o
rm -f w3fa11.o
ifort -c  -O3 -g -r8 -module ../../incmod/w3emc_d -I ../../incmod/sigio_4 -I ../../incmod/w3emc_d w3fa12.f
ar -ruv   ../../libw3emc_d.a w3fa12.o
a - w3fa12.o
rm -f w3fa12.o
ifort -c  -O3 -g -r8 -module ../../incmod/w3emc_d -I ../../incmod/sigio_4 -I ../../incmod/w3emc_d w3fa13.f
ar -ruv   ../../libw3emc_d.a w3fa13.o
a - w3fa13.o
rm -f w3fa13.o
ifort -c  -O3 -g -r8 -module ../../incmod/w3emc_d -I ../../incmod/sigio_4 -I ../../incmod/w3emc_d w3fb00.f
ar -ruv   ../../libw3emc_d.a w3fb00.o
a - w3fb00.o
rm -f w3fb00.o
ifort -c  -O3 -g -r8 -module ../../incmod/w3emc_d -I ../../incmod/sigio_4 -I ../../incmod/w3emc_d w3fb01.f
ar -ruv   ../../libw3emc_d.a w3fb01.o
a - w3fb01.o
rm -f w3fb01.o
ifort -c  -O3 -g -r8 -module ../../incmod/w3emc_d -I ../../incmod/sigio_4 -I ../../incmod/w3emc_d w3fb02.f
ar -ruv   ../../libw3emc_d.a w3fb02.o
a - w3fb02.o
rm -f w3fb02.o
ifort -c  -O3 -g -r8 -module ../../incmod/w3emc_d -I ../../incmod/sigio_4 -I ../../incmod/w3emc_d w3fb03.f
ar -ruv   ../../libw3emc_d.a w3fb03.o
a - w3fb03.o
rm -f w3fb03.o
ifort -c  -O3 -g -r8 -module ../../incmod/w3emc_d -I ../../incmod/sigio_4 -I ../../incmod/w3emc_d w3fb04.f
ar -ruv   ../../libw3emc_d.a w3fb04.o
a - w3fb04.o
rm -f w3fb04.o
ifort -c  -O3 -g -r8 -module ../../incmod/w3emc_d -I ../../incmod/sigio_4 -I ../../incmod/w3emc_d w3fb05.f
ar -ruv   ../../libw3emc_d.a w3fb05.o
a - w3fb05.o
rm -f w3fb05.o
ifort -c  -O3 -g -r8 -module ../../incmod/w3emc_d -I ../../incmod/sigio_4 -I ../../incmod/w3emc_d w3fb06.f
ar -ruv   ../../libw3emc_d.a w3fb06.o
a - w3fb06.o
rm -f w3fb06.o
ifort -c  -O3 -g -r8 -module ../../incmod/w3emc_d -I ../../incmod/sigio_4 -I ../../incmod/w3emc_d w3fb07.f
ar -ruv   ../../libw3emc_d.a w3fb07.o
a - w3fb07.o
rm -f w3fb07.o
ifort -c  -O3 -g -r8 -module ../../incmod/w3emc_d -I ../../incmod/sigio_4 -I ../../incmod/w3emc_d w3fb08.f
ar -ruv   ../../libw3emc_d.a w3fb08.o
a - w3fb08.o
rm -f w3fb08.o
ifort -c  -O3 -g -r8 -module ../../incmod/w3emc_d -I ../../incmod/sigio_4 -I ../../incmod/w3emc_d w3fb09.f
ar -ruv   ../../libw3emc_d.a w3fb09.o
a - w3fb09.o
rm -f w3fb09.o
ifort -c  -O3 -g -r8 -module ../../incmod/w3emc_d -I ../../incmod/sigio_4 -I ../../incmod/w3emc_d w3fb10.f
ar -ruv   ../../libw3emc_d.a w3fb10.o
a - w3fb10.o
rm -f w3fb10.o
ifort -c  -O3 -g -r8 -module ../../incmod/w3emc_d -I ../../incmod/sigio_4 -I ../../incmod/w3emc_d w3fb11.f
ar -ruv   ../../libw3emc_d.a w3fb11.o
a - w3fb11.o
rm -f w3fb11.o
ifort -c  -O3 -g -r8 -module ../../incmod/w3emc_d -I ../../incmod/sigio_4 -I ../../incmod/w3emc_d w3fb12.f
ar -ruv   ../../libw3emc_d.a w3fb12.o
a - w3fb12.o
rm -f w3fb12.o
ifort -c  -O3 -g -r8 -module ../../incmod/w3emc_d -I ../../incmod/sigio_4 -I ../../incmod/w3emc_d w3fc02.f
ar -ruv   ../../libw3emc_d.a w3fc02.o
a - w3fc02.o
rm -f w3fc02.o
ifort -c  -O3 -g -r8 -module ../../incmod/w3emc_d -I ../../incmod/sigio_4 -I ../../incmod/w3emc_d w3fc05.f
ar -ruv   ../../libw3emc_d.a w3fc05.o
a - w3fc05.o
rm -f w3fc05.o
ifort -c  -O3 -g -r8 -module ../../incmod/w3emc_d -I ../../incmod/sigio_4 -I ../../incmod/w3emc_d w3fc06.f
ar -ruv   ../../libw3emc_d.a w3fc06.o
a - w3fc06.o
rm -f w3fc06.o
ifort -c  -O3 -g -r8 -module ../../incmod/w3emc_d -I ../../incmod/sigio_4 -I ../../incmod/w3emc_d w3fc07.f
ar -ruv   ../../libw3emc_d.a w3fc07.o
a - w3fc07.o
rm -f w3fc07.o
ifort -c  -O3 -g -r8 -module ../../incmod/w3emc_d -I ../../incmod/sigio_4 -I ../../incmod/w3emc_d w3fc08.f
ar -ruv   ../../libw3emc_d.a w3fc08.o
a - w3fc08.o
rm -f w3fc08.o
ifort -c  -O3 -g -r8 -module ../../incmod/w3emc_d -I ../../incmod/sigio_4 -I ../../incmod/w3emc_d w3fi02.f
ar -ruv   ../../libw3emc_d.a w3fi02.o
a - w3fi02.o
rm -f w3fi02.o
ifort -c  -O3 -g -r8 -module ../../incmod/w3emc_d -I ../../incmod/sigio_4 -I ../../incmod/w3emc_d w3fi03.f
ar -ruv   ../../libw3emc_d.a w3fi03.o
a - w3fi03.o
rm -f w3fi03.o
ifort -c  -O3 -g -r8 -module ../../incmod/w3emc_d -I ../../incmod/sigio_4 -I ../../incmod/w3emc_d w3fi18.f
ar -ruv   ../../libw3emc_d.a w3fi18.o
a - w3fi18.o
rm -f w3fi18.o
ifort -c  -O3 -g -r8 -module ../../incmod/w3emc_d -I ../../incmod/sigio_4 -I ../../incmod/w3emc_d w3fi19.f
ar -ruv   ../../libw3emc_d.a w3fi19.o
a - w3fi19.o
rm -f w3fi19.o
ifort -c  -O3 -g -r8 -module ../../incmod/w3emc_d -I ../../incmod/sigio_4 -I ../../incmod/w3emc_d w3fi20.f
ar -ruv   ../../libw3emc_d.a w3fi20.o
a - w3fi20.o
rm -f w3fi20.o
ifort -c  -O3 -g -r8 -module ../../incmod/w3emc_d -I ../../incmod/sigio_4 -I ../../incmod/w3emc_d w3fi32.f
ar -ruv   ../../libw3emc_d.a w3fi32.o
a - w3fi32.o
rm -f w3fi32.o
ifort -c  -O3 -g -r8 -module ../../incmod/w3emc_d -I ../../incmod/sigio_4 -I ../../incmod/w3emc_d w3fi47.f
ar -ruv   ../../libw3emc_d.a w3fi47.o
a - w3fi47.o
rm -f w3fi47.o
ifort -c  -O3 -g -r8 -module ../../incmod/w3emc_d -I ../../incmod/sigio_4 -I ../../incmod/w3emc_d w3fi48.f
ar -ruv   ../../libw3emc_d.a w3fi48.o
a - w3fi48.o
rm -f w3fi48.o
ifort -c  -O3 -g -r8 -module ../../incmod/w3emc_d -I ../../incmod/sigio_4 -I ../../incmod/w3emc_d w3fi52.f
ar -ruv   ../../libw3emc_d.a w3fi52.o
a - w3fi52.o
rm -f w3fi52.o
ifort -c  -O3 -g -r8 -module ../../incmod/w3emc_d -I ../../incmod/sigio_4 -I ../../incmod/w3emc_d w3fi61.f
ar -ruv   ../../libw3emc_d.a w3fi61.o
a - w3fi61.o
rm -f w3fi61.o
ifort -c  -O3 -g -r8 -module ../../incmod/w3emc_d -I ../../incmod/sigio_4 -I ../../incmod/w3emc_d w3fi65.f
ar -ruv   ../../libw3emc_d.a w3fi65.o
a - w3fi65.o
rm -f w3fi65.o
ifort -c  -O3 -g -r8 -module ../../incmod/w3emc_d -I ../../incmod/sigio_4 -I ../../incmod/w3emc_d w3fi66.f
ar -ruv   ../../libw3emc_d.a w3fi66.o
a - w3fi66.o
rm -f w3fi66.o
ifort -c  -O3 -g -r8 -module ../../incmod/w3emc_d -I ../../incmod/sigio_4 -I ../../incmod/w3emc_d w3fi67.f
ar -ruv   ../../libw3emc_d.a w3fi67.o
a - w3fi67.o
rm -f w3fi67.o
ifort -c  -O3 -g -r8 -module ../../incmod/w3emc_d -I ../../incmod/sigio_4 -I ../../incmod/w3emc_d w3fi70.f
ar -ruv   ../../libw3emc_d.a w3fi70.o
a - w3fi70.o
rm -f w3fi70.o
ifort -c  -O3 -g -r8 -module ../../incmod/w3emc_d -I ../../incmod/sigio_4 -I ../../incmod/w3emc_d w3fi78.f
ar -ruv   ../../libw3emc_d.a w3fi78.o
a - w3fi78.o
rm -f w3fi78.o
ifort -c  -O3 -g -r8 -module ../../incmod/w3emc_d -I ../../incmod/sigio_4 -I ../../incmod/w3emc_d w3fi85.f
ar -ruv   ../../libw3emc_d.a w3fi85.o
a - w3fi85.o
rm -f w3fi85.o
ifort -c  -O3 -g -r8 -module ../../incmod/w3emc_d -I ../../incmod/sigio_4 -I ../../incmod/w3emc_d w3fm07.f
ar -ruv   ../../libw3emc_d.a w3fm07.o
a - w3fm07.o
rm -f w3fm07.o
ifort -c  -O3 -g -r8 -module ../../incmod/w3emc_d -I ../../incmod/sigio_4 -I ../../incmod/w3emc_d w3fm08.f
ar -ruv   ../../libw3emc_d.a w3fm08.o
a - w3fm08.o
rm -f w3fm08.o
ifort -c  -O3 -g -r8 -module ../../incmod/w3emc_d -I ../../incmod/sigio_4 -I ../../incmod/w3emc_d w3fp04.f
ar -ruv   ../../libw3emc_d.a w3fp04.o
a - w3fp04.o
rm -f w3fp04.o
ifort -c  -O3 -g -r8 -module ../../incmod/w3emc_d -I ../../incmod/sigio_4 -I ../../incmod/w3emc_d w3fp05.f
ar -ruv   ../../libw3emc_d.a w3fp05.o
a - w3fp05.o
rm -f w3fp05.o
ifort -c  -O3 -g -r8 -module ../../incmod/w3emc_d -I ../../incmod/sigio_4 -I ../../incmod/w3emc_d w3fp06.f
ar -ruv   ../../libw3emc_d.a w3fp06.o
a - w3fp06.o
rm -f w3fp06.o
ifort -c  -O3 -g -r8 -module ../../incmod/w3emc_d -I ../../incmod/sigio_4 -I ../../incmod/w3emc_d w3fp10.f
ar -ruv   ../../libw3emc_d.a w3fp10.o
a - w3fp10.o
rm -f w3fp10.o
ifort -c  -O3 -g -r8 -module ../../incmod/w3emc_d -I ../../incmod/sigio_4 -I ../../incmod/w3emc_d w3fq07.f
ar -ruv   ../../libw3emc_d.a w3fq07.o
a - w3fq07.o
rm -f w3fq07.o
ifort -c  -O3 -g -r8 -module ../../incmod/w3emc_d -I ../../incmod/sigio_4 -I ../../incmod/w3emc_d w3ft00.f
ar -ruv   ../../libw3emc_d.a w3ft00.o
a - w3ft00.o
rm -f w3ft00.o
ifort -c  -O3 -g -r8 -module ../../incmod/w3emc_d -I ../../incmod/sigio_4 -I ../../incmod/w3emc_d w3ft01.f
ar -ruv   ../../libw3emc_d.a w3ft01.o
a - w3ft01.o
rm -f w3ft01.o
ifort -c  -O3 -g -r8 -module ../../incmod/w3emc_d -I ../../incmod/sigio_4 -I ../../incmod/w3emc_d w3ft02.f
ar -ruv   ../../libw3emc_d.a w3ft02.o
a - w3ft02.o
rm -f w3ft02.o
ifort -c  -O3 -g -r8 -module ../../incmod/w3emc_d -I ../../incmod/sigio_4 -I ../../incmod/w3emc_d w3ft03.f
ar -ruv   ../../libw3emc_d.a w3ft03.o
a - w3ft03.o
rm -f w3ft03.o
ifort -c  -O3 -g -r8 -module ../../incmod/w3emc_d -I ../../incmod/sigio_4 -I ../../incmod/w3emc_d w3ft05.f
ar -ruv   ../../libw3emc_d.a w3ft05.o
a - w3ft05.o
rm -f w3ft05.o
ifort -c  -O3 -g -r8 -module ../../incmod/w3emc_d -I ../../incmod/sigio_4 -I ../../incmod/w3emc_d w3ft05v.f
ar -ruv   ../../libw3emc_d.a w3ft05v.o
a - w3ft05v.o
rm -f w3ft05v.o
ifort -c  -O3 -g -r8 -module ../../incmod/w3emc_d -I ../../incmod/sigio_4 -I ../../incmod/w3emc_d w3ft06.f
ar -ruv   ../../libw3emc_d.a w3ft06.o
a - w3ft06.o
rm -f w3ft06.o
ifort -c  -O3 -g -r8 -module ../../incmod/w3emc_d -I ../../incmod/sigio_4 -I ../../incmod/w3emc_d w3ft06v.f
ar -ruv   ../../libw3emc_d.a w3ft06v.o
a - w3ft06v.o
rm -f w3ft06v.o
ifort -c  -O3 -g -r8 -module ../../incmod/w3emc_d -I ../../incmod/sigio_4 -I ../../incmod/w3emc_d w3ft07.f
ar -ruv   ../../libw3emc_d.a w3ft07.o
a - w3ft07.o
rm -f w3ft07.o
ifort -c  -O3 -g -r8 -module ../../incmod/w3emc_d -I ../../incmod/sigio_4 -I ../../incmod/w3emc_d w3ft08.f
ar -ruv   ../../libw3emc_d.a w3ft08.o
a - w3ft08.o
rm -f w3ft08.o
ifort -c  -O3 -g -r8 -module ../../incmod/w3emc_d -I ../../incmod/sigio_4 -I ../../incmod/w3emc_d w3ft09.f
ar -ruv   ../../libw3emc_d.a w3ft09.o
a - w3ft09.o
rm -f w3ft09.o
ifort -c  -O3 -g -r8 -module ../../incmod/w3emc_d -I ../../incmod/sigio_4 -I ../../incmod/w3emc_d w3ft10.f
ar -ruv   ../../libw3emc_d.a w3ft10.o
a - w3ft10.o
rm -f w3ft10.o
ifort -c  -O3 -g -r8 -module ../../incmod/w3emc_d -I ../../incmod/sigio_4 -I ../../incmod/w3emc_d w3ft11.f
ar -ruv   ../../libw3emc_d.a w3ft11.o
a - w3ft11.o
rm -f w3ft11.o
ifort -c  -O3 -g -r8 -module ../../incmod/w3emc_d -I ../../incmod/sigio_4 -I ../../incmod/w3emc_d w3ft12.f
ar -ruv   ../../libw3emc_d.a w3ft12.o
a - w3ft12.o
rm -f w3ft12.o
ifort -c  -O3 -g -r8 -module ../../incmod/w3emc_d -I ../../incmod/sigio_4 -I ../../incmod/w3emc_d w3ft16.f
ar -ruv   ../../libw3emc_d.a w3ft16.o
a - w3ft16.o
rm -f w3ft16.o
ifort -c  -O3 -g -r8 -module ../../incmod/w3emc_d -I ../../incmod/sigio_4 -I ../../incmod/w3emc_d w3ft17.f
ar -ruv   ../../libw3emc_d.a w3ft17.o
a - w3ft17.o
rm -f w3ft17.o
ifort -c  -O3 -g -r8 -module ../../incmod/w3emc_d -I ../../incmod/sigio_4 -I ../../incmod/w3emc_d w3ft201.f
ar -ruv   ../../libw3emc_d.a w3ft201.o
a - w3ft201.o
rm -f w3ft201.o
ifort -c  -O3 -g -r8 -module ../../incmod/w3emc_d -I ../../incmod/sigio_4 -I ../../incmod/w3emc_d w3ft202.f
ar -ruv   ../../libw3emc_d.a w3ft202.o
a - w3ft202.o
rm -f w3ft202.o
ifort -c  -O3 -g -r8 -module ../../incmod/w3emc_d -I ../../incmod/sigio_4 -I ../../incmod/w3emc_d w3ft203.f
ar -ruv   ../../libw3emc_d.a w3ft203.o
a - w3ft203.o
rm -f w3ft203.o
ifort -c  -O3 -g -r8 -module ../../incmod/w3emc_d -I ../../incmod/sigio_4 -I ../../incmod/w3emc_d w3ft204.f
ar -ruv   ../../libw3emc_d.a w3ft204.o
a - w3ft204.o
rm -f w3ft204.o
ifort -c  -O3 -g -r8 -module ../../incmod/w3emc_d -I ../../incmod/sigio_4 -I ../../incmod/w3emc_d w3ft205.f
ar -ruv   ../../libw3emc_d.a w3ft205.o
a - w3ft205.o
rm -f w3ft205.o
ifort -c  -O3 -g -r8 -module ../../incmod/w3emc_d -I ../../incmod/sigio_4 -I ../../incmod/w3emc_d w3ft206.f
ar -ruv   ../../libw3emc_d.a w3ft206.o
a - w3ft206.o
rm -f w3ft206.o
ifort -c  -O3 -g -r8 -module ../../incmod/w3emc_d -I ../../incmod/sigio_4 -I ../../incmod/w3emc_d w3ft207.f
ar -ruv   ../../libw3emc_d.a w3ft207.o
a - w3ft207.o
rm -f w3ft207.o
ifort -c  -O3 -g -r8 -module ../../incmod/w3emc_d -I ../../incmod/sigio_4 -I ../../incmod/w3emc_d w3ft208.f
ar -ruv   ../../libw3emc_d.a w3ft208.o
a - w3ft208.o
rm -f w3ft208.o
ifort -c  -O3 -g -r8 -module ../../incmod/w3emc_d -I ../../incmod/sigio_4 -I ../../incmod/w3emc_d w3ft209.f
ar -ruv   ../../libw3emc_d.a w3ft209.o
a - w3ft209.o
rm -f w3ft209.o
ifort -c  -O3 -g -r8 -module ../../incmod/w3emc_d -I ../../incmod/sigio_4 -I ../../incmod/w3emc_d w3ft210.f
ar -ruv   ../../libw3emc_d.a w3ft210.o
a - w3ft210.o
rm -f w3ft210.o
ifort -c  -O3 -g -r8 -module ../../incmod/w3emc_d -I ../../incmod/sigio_4 -I ../../incmod/w3emc_d w3ft211.f
ar -ruv   ../../libw3emc_d.a w3ft211.o
a - w3ft211.o
rm -f w3ft211.o
ifort -c  -O3 -g -r8 -module ../../incmod/w3emc_d -I ../../incmod/sigio_4 -I ../../incmod/w3emc_d w3ft212.f
ar -ruv   ../../libw3emc_d.a w3ft212.o
a - w3ft212.o
rm -f w3ft212.o
ifort -c  -O3 -g -r8 -module ../../incmod/w3emc_d -I ../../incmod/sigio_4 -I ../../incmod/w3emc_d w3ft213.f
ar -ruv   ../../libw3emc_d.a w3ft213.o
a - w3ft213.o
rm -f w3ft213.o
ifort -c  -O3 -g -r8 -module ../../incmod/w3emc_d -I ../../incmod/sigio_4 -I ../../incmod/w3emc_d w3ft214.f
ar -ruv   ../../libw3emc_d.a w3ft214.o
a - w3ft214.o
rm -f w3ft214.o
ifort -c  -O3 -g -r8 -module ../../incmod/w3emc_d -I ../../incmod/sigio_4 -I ../../incmod/w3emc_d w3ft21.f
ar -ruv   ../../libw3emc_d.a w3ft21.o
a - w3ft21.o
rm -f w3ft21.o
ifort -c  -O3 -g -r8 -module ../../incmod/w3emc_d -I ../../incmod/sigio_4 -I ../../incmod/w3emc_d w3ft26.f
ar -ruv   ../../libw3emc_d.a w3ft26.o
a - w3ft26.o
rm -f w3ft26.o
ifort -c  -O3 -g -r8 -module ../../incmod/w3emc_d -I ../../incmod/sigio_4 -I ../../incmod/w3emc_d w3ft33.f
ar -ruv   ../../libw3emc_d.a w3ft33.o
a - w3ft33.o
rm -f w3ft33.o
ifort -c  -O3 -g -r8 -module ../../incmod/w3emc_d -I ../../incmod/sigio_4 -I ../../incmod/w3emc_d w3ft38.f
ar -ruv   ../../libw3emc_d.a w3ft38.o
a - w3ft38.o
rm -f w3ft38.o
ifort -c  -O3 -g -r8 -module ../../incmod/w3emc_d -I ../../incmod/sigio_4 -I ../../incmod/w3emc_d w3ft39.f
ar -ruv   ../../libw3emc_d.a w3ft39.o
a - w3ft39.o
rm -f w3ft39.o
ifort -c  -O3 -g -r8 -module ../../incmod/w3emc_d -I ../../incmod/sigio_4 -I ../../incmod/w3emc_d w3ft40.f
ar -ruv   ../../libw3emc_d.a w3ft40.o
a - w3ft40.o
rm -f w3ft40.o
ifort -c  -O3 -g -r8 -module ../../incmod/w3emc_d -I ../../incmod/sigio_4 -I ../../incmod/w3emc_d w3ft41.f
ar -ruv   ../../libw3emc_d.a w3ft41.o
a - w3ft41.o
rm -f w3ft41.o
ifort -c  -O3 -g -r8 -module ../../incmod/w3emc_d -I ../../incmod/sigio_4 -I ../../incmod/w3emc_d w3ft43v.f
ar -ruv   ../../libw3emc_d.a w3ft43v.o
a - w3ft43v.o
rm -f w3ft43v.o
ifort -c  -O3 -g -r8 -module ../../incmod/w3emc_d -I ../../incmod/sigio_4 -I ../../incmod/w3emc_d w3log.f
ar -ruv   ../../libw3emc_d.a w3log.o
a - w3log.o
rm -f w3log.o
ifort -c  -O3 -g -r8 -module ../../incmod/w3emc_d -I ../../incmod/sigio_4 -I ../../incmod/w3emc_d w3miscan.f
ar -ruv   ../../libw3emc_d.a w3miscan.o
a - w3miscan.o
rm -f w3miscan.o
ifort -c  -O3 -g -r8 -module ../../incmod/w3emc_d -I ../../incmod/sigio_4 -I ../../incmod/w3emc_d xdopen.f
ar -ruv   ../../libw3emc_d.a xdopen.o
a - xdopen.o
rm -f xdopen.o
